[I 2023-04-18 07:12:05,495] Trial 61 finished with value: 0.8291302303714151 and parameters: {'num_filters': 192.0, 'pool_size': 2.0, 'lstm_out': 384.0, 'dropout_rate': 0.2}. Best is trial 45 with value: 0.8330669174110641.
Validation accuracy: 0.8291 with hyperparameters: {'num_filters': 192.0, 'pool_size': 2.0, 'lstm_out': 384.0, 'dropout_rate': 0.2}

[I 2023-04-18 07:25:04,311] Trial 62 finished with value: 0.8262905500705219 and parameters: {'num_filters': 192.0, 'pool_size': 2.0, 'lstm_out': 320.0, 'dropout_rate': 0.3}. Best is trial 45 with value: 0.8330669174110641.
Validation accuracy: 0.8263 with hyperparameters: {'num_filters': 192.0, 'pool_size': 2.0, 'lstm_out': 320.0, 'dropout_rate': 0.3}

[I 2023-04-18 07:27:37,104] Trial 63 finished with value: 0.8286412787964269 and parameters: {'num_filters': 192.0, 'pool_size': 2.0, 'lstm_out': 192.0, 'dropout_rate': 0.2}. Best is trial 45 with value: 0.8330669174110641.
Validation accuracy: 0.8286 with hyperparameters: {'num_filters': 192.0, 'pool_size': 2.0, 'lstm_out': 192.0, 'dropout_rate': 0.2}

[I 2023-04-18 07:32:50,075] Trial 64 finished with value: 0.8319197617928225 and parameters: {'num_filters': 256.0, 'pool_size': 2.0, 'lstm_out': 448.0, 'dropout_rate': 0.4}. Best is trial 45 with value: 0.8330669174110641.
Validation accuracy: 0.8319 with hyperparameters: {'num_filters': 256.0, 'pool_size': 2.0, 'lstm_out': 448.0, 'dropout_rate': 0.4}

[I 2023-04-18 07:51:36,659] Trial 65 finished with value: 0.8238332549757091 and parameters: {'num_filters': 64.0, 'pool_size': 2.0, 'lstm_out': 384.0, 'dropout_rate': 0.4}. Best is trial 45 with value: 0.8330669174110641.
Validation accuracy: 0.8238 with hyperparameters: {'num_filters': 64.0, 'pool_size': 2.0, 'lstm_out': 384.0, 'dropout_rate': 0.4}

[I 2023-04-18 07:56:39,031] Trial 66 finished with value: 0.8264221908791726 and parameters: {'num_filters': 192.0, 'pool_size': 2.0, 'lstm_out': 448.0, 'dropout_rate': 0.4}. Best is trial 45 with value: 0.8330669174110641.
Validation accuracy: 0.8264 with hyperparameters: {'num_filters': 192.0, 'pool_size': 2.0, 'lstm_out': 448.0, 'dropout_rate': 0.4}
 
[I 2023-04-18 08:14:18,149] Trial 67 finished with value: 0.8268359191349318 and parameters: {'num_filters': 128.0, 'pool_size': 2.0, 'lstm_out': 384.0, 'dropout_rate': 0.4}. Best is trial 45 with value: 0.8330669174110641.
Validation accuracy: 0.8268 with hyperparameters: {'num_filters': 128.0, 'pool_size': 2.0, 'lstm_out': 384.0, 'dropout_rate': 0.4}

[I 2023-04-18 08:19:34,850] Trial 68 finished with value: 0.8277135245259364 and parameters: {'num_filters': 256.0, 'pool_size': 2.0, 'lstm_out': 448.0, 'dropout_rate': 0.3}. Best is trial 45 with value: 0.8330669174110641.
Validation accuracy: 0.8277 with hyperparameters: {'num_filters': 256.0, 'pool_size': 2.0, 'lstm_out': 448.0, 'dropout_rate': 0.3}

[I 2023-04-18 08:24:51,542] Trial 69 finished with value: 0.8303902209685002 and parameters: {'num_filters': 256.0, 'pool_size': 2.0, 'lstm_out': 448.0, 'dropout_rate': 0.3}. Best is trial 45 with value: 0.8330669174110641.
Validation accuracy: 0.8304 with hyperparameters: {'num_filters': 256.0, 'pool_size': 2.0, 'lstm_out': 448.0, 'dropout_rate': 0.3}

[I 2023-04-18 08:34:46,099] Trial 70 finished with value: 0.7746560100297759 and parameters: {'num_filters': 192.0, 'pool_size': 4.0, 'lstm_out': 320.0, 'dropout_rate': 0.4}. Best is trial 45 with value: 0.8330669174110641.
Validation accuracy: 0.7747 with hyperparameters: {'num_filters': 192.0, 'pool_size': 4.0, 'lstm_out': 320.0, 'dropout_rate': 0.4}

[I 2023-04-18 08:56:09,310] Trial 71 finished with value: 0.829011126782636 and parameters: {'num_filters': 256.0, 'pool_size': 2.0, 'lstm_out': 512.0, 'dropout_rate': 0.2}. Best is trial 45 with value: 0.8330669174110641.
Validation accuracy: 0.8290 with hyperparameters: {'num_filters': 256.0, 'pool_size': 2.0, 'lstm_out': 512.0, 'dropout_rate': 0.2}

[I 2023-04-18 09:14:20,984] Trial 72 finished with value: 0.8319322990126939 and parameters: {'num_filters': 256.0, 'pool_size': 2.0, 'lstm_out': 448.0, 'dropout_rate': 0.2}. Best is trial 45 with value: 0.8330669174110641.
Validation accuracy: 0.8319 with hyperparameters: {'num_filters': 256.0, 'pool_size': 2.0, 'lstm_out': 448.0, 'dropout_rate': 0.2}
 
 
 
   
 
 
 
 