[I 2023-04-15 21:15:23,872] Trial 9 finished with value: 0.797994044820561 and parameters: {'num_filters': 128.0, 'filter_size': 5.0, 'pool_size': 2.0, 'lstm_out': 192.0, 'dropout_rate': 0.2}. Best is trial 1 with value: 0.7987588152327222.
Validation accuracy: 0.7980 with hyperparameters: {'num_filters': 128.0, 'filter_size': 5.0, 'pool_size': 2.0, 'lstm_out': 192.0, 'dropout_rate': 0.2}
C:\Users\clayt\AppData\Local\Temp\ipykernel_4724\3957003435.py:80: FutureWarning: suggest_discrete_uniform has been deprecated in v3.0.0. This feature will be removed in v6.0.0. See https://github.com/optuna/optuna/releases/tag/v3.0.0. Use :func:`~optuna.trial.Trial.suggest_float` instead.
  num_filters = int(trial.suggest_discrete_uniform("num_filters", 32, 256, 32))
C:\Users\clayt\AppData\Local\Temp\ipykernel_4724\3957003435.py:81: FutureWarning: suggest_discrete_uniform has been deprecated in v3.0.0. This feature will be removed in v6.0.0. See https://github.com/optuna/optuna/releases/tag/v3.0.0. Use :func:`~optuna.trial.Trial.suggest_float` instead.
  filter_size = int(trial.suggest_discrete_uniform("filter_size", 3, 7, 2))
C:\Users\clayt\AppData\Local\Temp\ipykernel_4724\3957003435.py:82: FutureWarning: suggest_discrete_uniform has been deprecated in v3.0.0. This feature will be removed in v6.0.0. See https://github.com/optuna/optuna/releases/tag/v3.0.0. Use :func:`~optuna.trial.Trial.suggest_float` instead.
  pool_size = int(trial.suggest_discrete_uniform("pool_size", 2, 4, 2))
C:\Users\clayt\AppData\Local\Temp\ipykernel_4724\3957003435.py:83: FutureWarning: suggest_discrete_uniform has been deprecated in v3.0.0. This feature will be removed in v6.0.0. See https://github.com/optuna/optuna/releases/tag/v3.0.0. Use :func:`~optuna.trial.Trial.suggest_float` instead.
  lstm_out = int(trial.suggest_discrete_uniform("lstm_out", 64, 512, 64))
c:\Users\clayt\anaconda3\envs\gpu-ienv\lib\site-packages\torch\nn\modules\rnn.py:71: UserWarning: dropout option adds dropout after all but last recurrent layer, so non-zero dropout expects num_layers greater than 1, but got dropout=0.1 and num_layers=1
  warnings.warn("dropout option adds dropout after all but last "
[I 2023-04-15 21:18:44,677] Trial 10 finished with value: 0.73242438489265 and parameters: {'num_filters': 192.0, 'filter_size': 3.0, 'pool_size': 4.0, 'lstm_out': 512.0, 'dropout_rate': 0.1}. Best is trial 1 with value: 0.7987588152327222.
Validation accuracy: 0.7324 with hyperparameters: {'num_filters': 192.0, 'filter_size': 3.0, 'pool_size': 4.0, 'lstm_out': 512.0, 'dropout_rate': 0.1}
C:\Users\clayt\AppData\Local\Temp\ipykernel_4724\3957003435.py:80: FutureWarning: suggest_discrete_uniform has been deprecated in v3.0.0. This feature will be removed in v6.0.0. See https://github.com/optuna/optuna/releases/tag/v3.0.0. Use :func:`~optuna.trial.Trial.suggest_float` instead.
  num_filters = int(trial.suggest_discrete_uniform("num_filters", 32, 256, 32))
C:\Users\clayt\AppData\Local\Temp\ipykernel_4724\3957003435.py:81: FutureWarning: suggest_discrete_uniform has been deprecated in v3.0.0. This feature will be removed in v6.0.0. See https://github.com/optuna/optuna/releases/tag/v3.0.0. Use :func:`~optuna.trial.Trial.suggest_float` instead.
  filter_size = int(trial.suggest_discrete_uniform("filter_size", 3, 7, 2))
C:\Users\clayt\AppData\Local\Temp\ipykernel_4724\3957003435.py:82: FutureWarning: suggest_discrete_uniform has been deprecated in v3.0.0. This feature will be removed in v6.0.0. See https://github.com/optuna/optuna/releases/tag/v3.0.0. Use :func:`~optuna.trial.Trial.suggest_float` instead.
  pool_size = int(trial.suggest_discrete_uniform("pool_size", 2, 4, 2))
C:\Users\clayt\AppData\Local\Temp\ipykernel_4724\3957003435.py:83: FutureWarning: suggest_discrete_uniform has been deprecated in v3.0.0. This feature will be removed in v6.0.0. See https://github.com/optuna/optuna/releases/tag/v3.0.0. Use :func:`~optuna.trial.Trial.suggest_float` instead.
  lstm_out = int(trial.suggest_discrete_uniform("lstm_out", 64, 512, 64))
c:\Users\clayt\anaconda3\envs\gpu-ienv\lib\site-packages\torch\nn\modules\rnn.py:71: UserWarning: dropout option adds dropout after all but last recurrent layer, so non-zero dropout expects num_layers greater than 1, but got dropout=0.30000000000000004 and num_layers=1
  warnings.warn("dropout option adds dropout after all but last "
[I 2023-04-15 21:36:23,026] Trial 11 finished with value: 0.7960194326908008 and parameters: {'num_filters': 192.0, 'filter_size': 5.0, 'pool_size': 2.0, 'lstm_out': 384.0, 'dropout_rate': 0.30000000000000004}. Best is trial 1 with value: 0.7987588152327222.
Validation accuracy: 0.7960 with hyperparameters: {'num_filters': 192.0, 'filter_size': 5.0, 'pool_size': 2.0, 'lstm_out': 384.0, 'dropout_rate': 0.30000000000000004}
C:\Users\clayt\AppData\Local\Temp\ipykernel_4724\3957003435.py:80: FutureWarning: suggest_discrete_uniform has been deprecated in v3.0.0. This feature will be removed in v6.0.0. See https://github.com/optuna/optuna/releases/tag/v3.0.0. Use :func:`~optuna.trial.Trial.suggest_float` instead.
  num_filters = int(trial.suggest_discrete_uniform("num_filters", 32, 256, 32))
C:\Users\clayt\AppData\Local\Temp\ipykernel_4724\3957003435.py:81: FutureWarning: suggest_discrete_uniform has been deprecated in v3.0.0. This feature will be removed in v6.0.0. See https://github.com/optuna/optuna/releases/tag/v3.0.0. Use :func:`~optuna.trial.Trial.suggest_float` instead.
  filter_size = int(trial.suggest_discrete_uniform("filter_size", 3, 7, 2))
C:\Users\clayt\AppData\Local\Temp\ipykernel_4724\3957003435.py:82: FutureWarning: suggest_discrete_uniform has been deprecated in v3.0.0. This feature will be removed in v6.0.0. See https://github.com/optuna/optuna/releases/tag/v3.0.0. Use :func:`~optuna.trial.Trial.suggest_float` instead.
  pool_size = int(trial.suggest_discrete_uniform("pool_size", 2, 4, 2))
C:\Users\clayt\AppData\Local\Temp\ipykernel_4724\3957003435.py:83: FutureWarning: suggest_discrete_uniform has been deprecated in v3.0.0. This feature will be removed in v6.0.0. See https://github.com/optuna/optuna/releases/tag/v3.0.0. Use :func:`~optuna.trial.Trial.suggest_float` instead.
  lstm_out = int(trial.suggest_discrete_uniform("lstm_out", 64, 512, 64))
c:\Users\clayt\anaconda3\envs\gpu-ienv\lib\site-packages\torch\nn\modules\rnn.py:71: UserWarning: dropout option adds dropout after all but last recurrent layer, so non-zero dropout expects num_layers greater than 1, but got dropout=0.4 and num_layers=1
  warnings.warn("dropout option adds dropout after all but last "
[I 2023-04-15 21:38:12,148] Trial 12 finished with value: 0.7982824008776054 and parameters: {'num_filters': 192.0, 'filter_size': 5.0, 'pool_size': 2.0, 'lstm_out': 64.0, 'dropout_rate': 0.4}. Best is trial 1 with value: 0.7987588152327222.
Validation accuracy: 0.7983 with hyperparameters: {'num_filters': 192.0, 'filter_size': 5.0, 'pool_size': 2.0, 'lstm_out': 64.0, 'dropout_rate': 0.4}
C:\Users\clayt\AppData\Local\Temp\ipykernel_4724\3957003435.py:80: FutureWarning: suggest_discrete_uniform has been deprecated in v3.0.0. This feature will be removed in v6.0.0. See https://github.com/optuna/optuna/releases/tag/v3.0.0. Use :func:`~optuna.trial.Trial.suggest_float` instead.
  num_filters = int(trial.suggest_discrete_uniform("num_filters", 32, 256, 32))
C:\Users\clayt\AppData\Local\Temp\ipykernel_4724\3957003435.py:81: FutureWarning: suggest_discrete_uniform has been deprecated in v3.0.0. This feature will be removed in v6.0.0. See https://github.com/optuna/optuna/releases/tag/v3.0.0. Use :func:`~optuna.trial.Trial.suggest_float` instead.
  filter_size = int(trial.suggest_discrete_uniform("filter_size", 3, 7, 2))
C:\Users\clayt\AppData\Local\Temp\ipykernel_4724\3957003435.py:82: FutureWarning: suggest_discrete_uniform has been deprecated in v3.0.0. This feature will be removed in v6.0.0. See https://github.com/optuna/optuna/releases/tag/v3.0.0. Use :func:`~optuna.trial.Trial.suggest_float` instead.
  pool_size = int(trial.suggest_discrete_uniform("pool_size", 2, 4, 2))
C:\Users\clayt\AppData\Local\Temp\ipykernel_4724\3957003435.py:83: FutureWarning: suggest_discrete_uniform has been deprecated in v3.0.0. This feature will be removed in v6.0.0. See https://github.com/optuna/optuna/releases/tag/v3.0.0. Use :func:`~optuna.trial.Trial.suggest_float` instead.
  lstm_out = int(trial.suggest_discrete_uniform("lstm_out", 64, 512, 64))
c:\Users\clayt\anaconda3\envs\gpu-ienv\lib\site-packages\torch\nn\modules\rnn.py:71: UserWarning: dropout option adds dropout after all but last recurrent layer, so non-zero dropout expects num_layers greater than 1, but got dropout=0.30000000000000004 and num_layers=1
  warnings.warn("dropout option adds dropout after all but last "
[I 2023-04-15 21:40:13,666] Trial 13 finished with value: 0.7984579219558063 and parameters: {'num_filters': 224.0, 'filter_size': 5.0, 'pool_size': 2.0, 'lstm_out': 64.0, 'dropout_rate': 0.30000000000000004}. Best is trial 1 with value: 0.7987588152327222.
Validation accuracy: 0.7985 with hyperparameters: {'num_filters': 224.0, 'filter_size': 5.0, 'pool_size': 2.0, 'lstm_out': 64.0, 'dropout_rate': 0.30000000000000004}
C:\Users\clayt\AppData\Local\Temp\ipykernel_4724\3957003435.py:80: FutureWarning: suggest_discrete_uniform has been deprecated in v3.0.0. This feature will be removed in v6.0.0. See https://github.com/optuna/optuna/releases/tag/v3.0.0. Use :func:`~optuna.trial.Trial.suggest_float` instead.
  num_filters = int(trial.suggest_discrete_uniform("num_filters", 32, 256, 32))
C:\Users\clayt\AppData\Local\Temp\ipykernel_4724\3957003435.py:81: FutureWarning: suggest_discrete_uniform has been deprecated in v3.0.0. This feature will be removed in v6.0.0. See https://github.com/optuna/optuna/releases/tag/v3.0.0. Use :func:`~optuna.trial.Trial.suggest_float` instead.
  filter_size = int(trial.suggest_discrete_uniform("filter_size", 3, 7, 2))
C:\Users\clayt\AppData\Local\Temp\ipykernel_4724\3957003435.py:82: FutureWarning: suggest_discrete_uniform has been deprecated in v3.0.0. This feature will be removed in v6.0.0. See https://github.com/optuna/optuna/releases/tag/v3.0.0. Use :func:`~optuna.trial.Trial.suggest_float` instead.
  pool_size = int(trial.suggest_discrete_uniform("pool_size", 2, 4, 2))
C:\Users\clayt\AppData\Local\Temp\ipykernel_4724\3957003435.py:83: FutureWarning: suggest_discrete_uniform has been deprecated in v3.0.0. This feature will be removed in v6.0.0. See https://github.com/optuna/optuna/releases/tag/v3.0.0. Use :func:`~optuna.trial.Trial.suggest_float` instead.
  lstm_out = int(trial.suggest_discrete_uniform("lstm_out", 64, 512, 64))
c:\Users\clayt\anaconda3\envs\gpu-ienv\lib\site-packages\torch\nn\modules\rnn.py:71: UserWarning: dropout option adds dropout after all but last recurrent layer, so non-zero dropout expects num_layers greater than 1, but got dropout=0.30000000000000004 and num_layers=1
  warnings.warn("dropout option adds dropout after all but last "
[I 2023-04-15 21:42:25,101] Trial 14 finished with value: 0.8016987932925874 and parameters: {'num_filters': 224.0, 'filter_size': 3.0, 'pool_size': 2.0, 'lstm_out': 128.0, 'dropout_rate': 0.30000000000000004}. Best is trial 14 with value: 0.8016987932925874.
Validation accuracy: 0.8017 with hyperparameters: {'num_filters': 224.0, 'filter_size': 3.0, 'pool_size': 2.0, 'lstm_out': 128.0, 'dropout_rate': 0.30000000000000004}
C:\Users\clayt\AppData\Local\Temp\ipykernel_4724\3957003435.py:80: FutureWarning: suggest_discrete_uniform has been deprecated in v3.0.0. This feature will be removed in v6.0.0. See https://github.com/optuna/optuna/releases/tag/v3.0.0. Use :func:`~optuna.trial.Trial.suggest_float` instead.
  num_filters = int(trial.suggest_discrete_uniform("num_filters", 32, 256, 32))
C:\Users\clayt\AppData\Local\Temp\ipykernel_4724\3957003435.py:81: FutureWarning: suggest_discrete_uniform has been deprecated in v3.0.0. This feature will be removed in v6.0.0. See https://github.com/optuna/optuna/releases/tag/v3.0.0. Use :func:`~optuna.trial.Trial.suggest_float` instead.
  filter_size = int(trial.suggest_discrete_uniform("filter_size", 3, 7, 2))
C:\Users\clayt\AppData\Local\Temp\ipykernel_4724\3957003435.py:82: FutureWarning: suggest_discrete_uniform has been deprecated in v3.0.0. This feature will be removed in v6.0.0. See https://github.com/optuna/optuna/releases/tag/v3.0.0. Use :func:`~optuna.trial.Trial.suggest_float` instead.
  pool_size = int(trial.suggest_discrete_uniform("pool_size", 2, 4, 2))
C:\Users\clayt\AppData\Local\Temp\ipykernel_4724\3957003435.py:83: FutureWarning: suggest_discrete_uniform has been deprecated in v3.0.0. This feature will be removed in v6.0.0. See https://github.com/optuna/optuna/releases/tag/v3.0.0. Use :func:`~optuna.trial.Trial.suggest_float` instead.
  lstm_out = int(trial.suggest_discrete_uniform("lstm_out", 64, 512, 64))
c:\Users\clayt\anaconda3\envs\gpu-ienv\lib\site-packages\torch\nn\modules\rnn.py:71: UserWarning: dropout option adds dropout after all but last recurrent layer, so non-zero dropout expects num_layers greater than 1, but got dropout=0.1 and num_layers=1
  warnings.warn("dropout option adds dropout after all but last "
[I 2023-04-15 21:44:34,897] Trial 15 finished with value: 0.8006832784829964 and parameters: {'num_filters': 224.0, 'filter_size': 3.0, 'pool_size': 2.0, 'lstm_out': 128.0, 'dropout_rate': 0.1}. Best is trial 14 with value: 0.8016987932925874.
Validation accuracy: 0.8007 with hyperparameters: {'num_filters': 224.0, 'filter_size': 3.0, 'pool_size': 2.0, 'lstm_out': 128.0, 'dropout_rate': 0.1}
C:\Users\clayt\AppData\Local\Temp\ipykernel_4724\3957003435.py:80: FutureWarning: suggest_discrete_uniform has been deprecated in v3.0.0. This feature will be removed in v6.0.0. See https://github.com/optuna/optuna/releases/tag/v3.0.0. Use :func:`~optuna.trial.Trial.suggest_float` instead.
  num_filters = int(trial.suggest_discrete_uniform("num_filters", 32, 256, 32))
C:\Users\clayt\AppData\Local\Temp\ipykernel_4724\3957003435.py:81: FutureWarning: suggest_discrete_uniform has been deprecated in v3.0.0. This feature will be removed in v6.0.0. See https://github.com/optuna/optuna/releases/tag/v3.0.0. Use :func:`~optuna.trial.Trial.suggest_float` instead.
  filter_size = int(trial.suggest_discrete_uniform("filter_size", 3, 7, 2))
C:\Users\clayt\AppData\Local\Temp\ipykernel_4724\3957003435.py:82: FutureWarning: suggest_discrete_uniform has been deprecated in v3.0.0. This feature will be removed in v6.0.0. See https://github.com/optuna/optuna/releases/tag/v3.0.0. Use :func:`~optuna.trial.Trial.suggest_float` instead.
  pool_size = int(trial.suggest_discrete_uniform("pool_size", 2, 4, 2))
C:\Users\clayt\AppData\Local\Temp\ipykernel_4724\3957003435.py:83: FutureWarning: suggest_discrete_uniform has been deprecated in v3.0.0. This feature will be removed in v6.0.0. See https://github.com/optuna/optuna/releases/tag/v3.0.0. Use :func:`~optuna.trial.Trial.suggest_float` instead.
  lstm_out = int(trial.suggest_discrete_uniform("lstm_out", 64, 512, 64))
c:\Users\clayt\anaconda3\envs\gpu-ienv\lib\site-packages\torch\nn\modules\rnn.py:71: UserWarning: dropout option adds dropout after all but last recurrent layer, so non-zero dropout expects num_layers greater than 1, but got dropout=0.1 and num_layers=1
  warnings.warn("dropout option adds dropout after all but last "
[I 2023-04-15 21:46:45,132] Trial 16 finished with value: 0.8040745964582354 and parameters: {'num_filters': 224.0, 'filter_size': 3.0, 'pool_size': 2.0, 'lstm_out': 128.0, 'dropout_rate': 0.1}. Best is trial 16 with value: 0.8040745964582354.
Validation accuracy: 0.8041 with hyperparameters: {'num_filters': 224.0, 'filter_size': 3.0, 'pool_size': 2.0, 'lstm_out': 128.0, 'dropout_rate': 0.1}
C:\Users\clayt\AppData\Local\Temp\ipykernel_4724\3957003435.py:80: FutureWarning: suggest_discrete_uniform has been deprecated in v3.0.0. This feature will be removed in v6.0.0. See https://github.com/optuna/optuna/releases/tag/v3.0.0. Use :func:`~optuna.trial.Trial.suggest_float` instead.
  num_filters = int(trial.suggest_discrete_uniform("num_filters", 32, 256, 32))
C:\Users\clayt\AppData\Local\Temp\ipykernel_4724\3957003435.py:81: FutureWarning: suggest_discrete_uniform has been deprecated in v3.0.0. This feature will be removed in v6.0.0. See https://github.com/optuna/optuna/releases/tag/v3.0.0. Use :func:`~optuna.trial.Trial.suggest_float` instead.
  filter_size = int(trial.suggest_discrete_uniform("filter_size", 3, 7, 2))
C:\Users\clayt\AppData\Local\Temp\ipykernel_4724\3957003435.py:82: FutureWarning: suggest_discrete_uniform has been deprecated in v3.0.0. This feature will be removed in v6.0.0. See https://github.com/optuna/optuna/releases/tag/v3.0.0. Use :func:`~optuna.trial.Trial.suggest_float` instead.
  pool_size = int(trial.suggest_discrete_uniform("pool_size", 2, 4, 2))
C:\Users\clayt\AppData\Local\Temp\ipykernel_4724\3957003435.py:83: FutureWarning: suggest_discrete_uniform has been deprecated in v3.0.0. This feature will be removed in v6.0.0. See https://github.com/optuna/optuna/releases/tag/v3.0.0. Use :func:`~optuna.trial.Trial.suggest_float` instead.
  lstm_out = int(trial.suggest_discrete_uniform("lstm_out", 64, 512, 64))
c:\Users\clayt\anaconda3\envs\gpu-ienv\lib\site-packages\torch\nn\modules\rnn.py:71: UserWarning: dropout option adds dropout after all but last recurrent layer, so non-zero dropout expects num_layers greater than 1, but got dropout=0.1 and num_layers=1
  warnings.warn("dropout option adds dropout after all but last "
[I 2023-04-15 21:48:28,769] Trial 17 finished with value: 0.7304999216423758 and parameters: {'num_filters': 224.0, 'filter_size': 3.0, 'pool_size': 4.0, 'lstm_out': 128.0, 'dropout_rate': 0.1}. Best is trial 16 with value: 0.8040745964582354.
Validation accuracy: 0.7305 with hyperparameters: {'num_filters': 224.0, 'filter_size': 3.0, 'pool_size': 4.0, 'lstm_out': 128.0, 'dropout_rate': 0.1}
C:\Users\clayt\AppData\Local\Temp\ipykernel_4724\3957003435.py:80: FutureWarning: suggest_discrete_uniform has been deprecated in v3.0.0. This feature will be removed in v6.0.0. See https://github.com/optuna/optuna/releases/tag/v3.0.0. Use :func:`~optuna.trial.Trial.suggest_float` instead.
  num_filters = int(trial.suggest_discrete_uniform("num_filters", 32, 256, 32))
C:\Users\clayt\AppData\Local\Temp\ipykernel_4724\3957003435.py:81: FutureWarning: suggest_discrete_uniform has been deprecated in v3.0.0. This feature will be removed in v6.0.0. See https://github.com/optuna/optuna/releases/tag/v3.0.0. Use :func:`~optuna.trial.Trial.suggest_float` instead.
  filter_size = int(trial.suggest_discrete_uniform("filter_size", 3, 7, 2))
C:\Users\clayt\AppData\Local\Temp\ipykernel_4724\3957003435.py:82: FutureWarning: suggest_discrete_uniform has been deprecated in v3.0.0. This feature will be removed in v6.0.0. See https://github.com/optuna/optuna/releases/tag/v3.0.0. Use :func:`~optuna.trial.Trial.suggest_float` instead.
  pool_size = int(trial.suggest_discrete_uniform("pool_size", 2, 4, 2))
C:\Users\clayt\AppData\Local\Temp\ipykernel_4724\3957003435.py:83: FutureWarning: suggest_discrete_uniform has been deprecated in v3.0.0. This feature will be removed in v6.0.0. See https://github.com/optuna/optuna/releases/tag/v3.0.0. Use :func:`~optuna.trial.Trial.suggest_float` instead.
  lstm_out = int(trial.suggest_discrete_uniform("lstm_out", 64, 512, 64))
c:\Users\clayt\anaconda3\envs\gpu-ienv\lib\site-packages\torch\nn\modules\rnn.py:71: UserWarning: dropout option adds dropout after all but last recurrent layer, so non-zero dropout expects num_layers greater than 1, but got dropout=0.2 and num_layers=1
  warnings.warn("dropout option adds dropout after all but last "
[I 2023-04-15 22:06:40,771] Trial 18 finished with value: 0.804851904090268 and parameters: {'num_filters': 256.0, 'filter_size': 3.0, 'pool_size': 2.0, 'lstm_out': 384.0, 'dropout_rate': 0.2}. Best is trial 18 with value: 0.804851904090268.
Validation accuracy: 0.8049 with hyperparameters: {'num_filters': 256.0, 'filter_size': 3.0, 'pool_size': 2.0, 'lstm_out': 384.0, 'dropout_rate': 0.2}
C:\Users\clayt\AppData\Local\Temp\ipykernel_4724\3957003435.py:80: FutureWarning: suggest_discrete_uniform has been deprecated in v3.0.0. This feature will be removed in v6.0.0. See https://github.com/optuna/optuna/releases/tag/v3.0.0. Use :func:`~optuna.trial.Trial.suggest_float` instead.
  num_filters = int(trial.suggest_discrete_uniform("num_filters", 32, 256, 32))
C:\Users\clayt\AppData\Local\Temp\ipykernel_4724\3957003435.py:81: FutureWarning: suggest_discrete_uniform has been deprecated in v3.0.0. This feature will be removed in v6.0.0. See https://github.com/optuna/optuna/releases/tag/v3.0.0. Use :func:`~optuna.trial.Trial.suggest_float` instead.
  filter_size = int(trial.suggest_discrete_uniform("filter_size", 3, 7, 2))
C:\Users\clayt\AppData\Local\Temp\ipykernel_4724\3957003435.py:82: FutureWarning: suggest_discrete_uniform has been deprecated in v3.0.0. This feature will be removed in v6.0.0. See https://github.com/optuna/optuna/releases/tag/v3.0.0. Use :func:`~optuna.trial.Trial.suggest_float` instead.
  pool_size = int(trial.suggest_discrete_uniform("pool_size", 2, 4, 2))
C:\Users\clayt\AppData\Local\Temp\ipykernel_4724\3957003435.py:83: FutureWarning: suggest_discrete_uniform has been deprecated in v3.0.0. This feature will be removed in v6.0.0. See https://github.com/optuna/optuna/releases/tag/v3.0.0. Use :func:`~optuna.trial.Trial.suggest_float` instead.
  lstm_out = int(trial.suggest_discrete_uniform("lstm_out", 64, 512, 64))
c:\Users\clayt\anaconda3\envs\gpu-ienv\lib\site-packages\torch\nn\modules\rnn.py:71: UserWarning: dropout option adds dropout after all but last recurrent layer, so non-zero dropout expects num_layers greater than 1, but got dropout=0.1 and num_layers=1
  warnings.warn("dropout option adds dropout after all but last "
