[I 2023-04-15 22:24:52,608] Trial 19 finished with value: 0.8033975865851747 and parameters: {'num_filters': 256.0, 'filter_size': 3.0, 'pool_size': 2.0, 'lstm_out': 384.0, 'dropout_rate': 0.1}. Best is trial 18 with value: 0.804851904090268.
Validation accuracy: 0.8034 with hyperparameters: {'num_filters': 256.0, 'filter_size': 3.0, 'pool_size': 2.0, 'lstm_out': 384.0, 'dropout_rate': 0.1}
C:\Users\clayt\AppData\Local\Temp\ipykernel_4724\3957003435.py:80: FutureWarning: suggest_discrete_uniform has been deprecated in v3.0.0. This feature will be removed in v6.0.0. See https://github.com/optuna/optuna/releases/tag/v3.0.0. Use :func:`~optuna.trial.Trial.suggest_float` instead.
  num_filters = int(trial.suggest_discrete_uniform("num_filters", 32, 256, 32))
C:\Users\clayt\AppData\Local\Temp\ipykernel_4724\3957003435.py:81: FutureWarning: suggest_discrete_uniform has been deprecated in v3.0.0. This feature will be removed in v6.0.0. See https://github.com/optuna/optuna/releases/tag/v3.0.0. Use :func:`~optuna.trial.Trial.suggest_float` instead.
  filter_size = int(trial.suggest_discrete_uniform("filter_size", 3, 7, 2))
C:\Users\clayt\AppData\Local\Temp\ipykernel_4724\3957003435.py:82: FutureWarning: suggest_discrete_uniform has been deprecated in v3.0.0. This feature will be removed in v6.0.0. See https://github.com/optuna/optuna/releases/tag/v3.0.0. Use :func:`~optuna.trial.Trial.suggest_float` instead.
  pool_size = int(trial.suggest_discrete_uniform("pool_size", 2, 4, 2))
C:\Users\clayt\AppData\Local\Temp\ipykernel_4724\3957003435.py:83: FutureWarning: suggest_discrete_uniform has been deprecated in v3.0.0. This feature will be removed in v6.0.0. See https://github.com/optuna/optuna/releases/tag/v3.0.0. Use :func:`~optuna.trial.Trial.suggest_float` instead.
  lstm_out = int(trial.suggest_discrete_uniform("lstm_out", 64, 512, 64))
c:\Users\clayt\anaconda3\envs\gpu-ienv\lib\site-packages\torch\nn\modules\rnn.py:71: UserWarning: dropout option adds dropout after all but last recurrent layer, so non-zero dropout expects num_layers greater than 1, but got dropout=0.2 and num_layers=1
  warnings.warn("dropout option adds dropout after all but last "
[I 2023-04-15 22:28:17,425] Trial 20 finished with value: 0.725767121140887 and parameters: {'num_filters': 32.0, 'filter_size': 3.0, 'pool_size': 4.0, 'lstm_out': 448.0, 'dropout_rate': 0.2}. Best is trial 18 with value: 0.804851904090268.
Validation accuracy: 0.7258 with hyperparameters: {'num_filters': 32.0, 'filter_size': 3.0, 'pool_size': 4.0, 'lstm_out': 448.0, 'dropout_rate': 0.2}
C:\Users\clayt\AppData\Local\Temp\ipykernel_4724\3957003435.py:80: FutureWarning: suggest_discrete_uniform has been deprecated in v3.0.0. This feature will be removed in v6.0.0. See https://github.com/optuna/optuna/releases/tag/v3.0.0. Use :func:`~optuna.trial.Trial.suggest_float` instead.
  num_filters = int(trial.suggest_discrete_uniform("num_filters", 32, 256, 32))
C:\Users\clayt\AppData\Local\Temp\ipykernel_4724\3957003435.py:81: FutureWarning: suggest_discrete_uniform has been deprecated in v3.0.0. This feature will be removed in v6.0.0. See https://github.com/optuna/optuna/releases/tag/v3.0.0. Use :func:`~optuna.trial.Trial.suggest_float` instead.
  filter_size = int(trial.suggest_discrete_uniform("filter_size", 3, 7, 2))
C:\Users\clayt\AppData\Local\Temp\ipykernel_4724\3957003435.py:82: FutureWarning: suggest_discrete_uniform has been deprecated in v3.0.0. This feature will be removed in v6.0.0. See https://github.com/optuna/optuna/releases/tag/v3.0.0. Use :func:`~optuna.trial.Trial.suggest_float` instead.
  pool_size = int(trial.suggest_discrete_uniform("pool_size", 2, 4, 2))
C:\Users\clayt\AppData\Local\Temp\ipykernel_4724\3957003435.py:83: FutureWarning: suggest_discrete_uniform has been deprecated in v3.0.0. This feature will be removed in v6.0.0. See https://github.com/optuna/optuna/releases/tag/v3.0.0. Use :func:`~optuna.trial.Trial.suggest_float` instead.
  lstm_out = int(trial.suggest_discrete_uniform("lstm_out", 64, 512, 64))
c:\Users\clayt\anaconda3\envs\gpu-ienv\lib\site-packages\torch\nn\modules\rnn.py:71: UserWarning: dropout option adds dropout after all but last recurrent layer, so non-zero dropout expects num_layers greater than 1, but got dropout=0.1 and num_layers=1
  warnings.warn("dropout option adds dropout after all but last "
[I 2023-04-15 22:46:26,056] Trial 21 finished with value: 0.8023068484563548 and parameters: {'num_filters': 256.0, 'filter_size': 3.0, 'pool_size': 2.0, 'lstm_out': 384.0, 'dropout_rate': 0.1}. Best is trial 18 with value: 0.804851904090268.
Validation accuracy: 0.8023 with hyperparameters: {'num_filters': 256.0, 'filter_size': 3.0, 'pool_size': 2.0, 'lstm_out': 384.0, 'dropout_rate': 0.1}
C:\Users\clayt\AppData\Local\Temp\ipykernel_4724\3957003435.py:80: FutureWarning: suggest_discrete_uniform has been deprecated in v3.0.0. This feature will be removed in v6.0.0. See https://github.com/optuna/optuna/releases/tag/v3.0.0. Use :func:`~optuna.trial.Trial.suggest_float` instead.
  num_filters = int(trial.suggest_discrete_uniform("num_filters", 32, 256, 32))
C:\Users\clayt\AppData\Local\Temp\ipykernel_4724\3957003435.py:81: FutureWarning: suggest_discrete_uniform has been deprecated in v3.0.0. This feature will be removed in v6.0.0. See https://github.com/optuna/optuna/releases/tag/v3.0.0. Use :func:`~optuna.trial.Trial.suggest_float` instead.
  filter_size = int(trial.suggest_discrete_uniform("filter_size", 3, 7, 2))
C:\Users\clayt\AppData\Local\Temp\ipykernel_4724\3957003435.py:82: FutureWarning: suggest_discrete_uniform has been deprecated in v3.0.0. This feature will be removed in v6.0.0. See https://github.com/optuna/optuna/releases/tag/v3.0.0. Use :func:`~optuna.trial.Trial.suggest_float` instead.
  pool_size = int(trial.suggest_discrete_uniform("pool_size", 2, 4, 2))
C:\Users\clayt\AppData\Local\Temp\ipykernel_4724\3957003435.py:83: FutureWarning: suggest_discrete_uniform has been deprecated in v3.0.0. This feature will be removed in v6.0.0. See https://github.com/optuna/optuna/releases/tag/v3.0.0. Use :func:`~optuna.trial.Trial.suggest_float` instead.
  lstm_out = int(trial.suggest_discrete_uniform("lstm_out", 64, 512, 64))
c:\Users\clayt\anaconda3\envs\gpu-ienv\lib\site-packages\torch\nn\modules\rnn.py:71: UserWarning: dropout option adds dropout after all but last recurrent layer, so non-zero dropout expects num_layers greater than 1, but got dropout=0.1 and num_layers=1
  warnings.warn("dropout option adds dropout after all but last "
[I 2023-04-15 23:04:33,836] Trial 22 finished with value: 0.8044695188841874 and parameters: {'num_filters': 256.0, 'filter_size': 3.0, 'pool_size': 2.0, 'lstm_out': 384.0, 'dropout_rate': 0.1}. Best is trial 18 with value: 0.804851904090268.
Validation accuracy: 0.8045 with hyperparameters: {'num_filters': 256.0, 'filter_size': 3.0, 'pool_size': 2.0, 'lstm_out': 384.0, 'dropout_rate': 0.1}
C:\Users\clayt\AppData\Local\Temp\ipykernel_4724\3957003435.py:80: FutureWarning: suggest_discrete_uniform has been deprecated in v3.0.0. This feature will be removed in v6.0.0. See https://github.com/optuna/optuna/releases/tag/v3.0.0. Use :func:`~optuna.trial.Trial.suggest_float` instead.
  num_filters = int(trial.suggest_discrete_uniform("num_filters", 32, 256, 32))
C:\Users\clayt\AppData\Local\Temp\ipykernel_4724\3957003435.py:81: FutureWarning: suggest_discrete_uniform has been deprecated in v3.0.0. This feature will be removed in v6.0.0. See https://github.com/optuna/optuna/releases/tag/v3.0.0. Use :func:`~optuna.trial.Trial.suggest_float` instead.
  filter_size = int(trial.suggest_discrete_uniform("filter_size", 3, 7, 2))
C:\Users\clayt\AppData\Local\Temp\ipykernel_4724\3957003435.py:82: FutureWarning: suggest_discrete_uniform has been deprecated in v3.0.0. This feature will be removed in v6.0.0. See https://github.com/optuna/optuna/releases/tag/v3.0.0. Use :func:`~optuna.trial.Trial.suggest_float` instead.
  pool_size = int(trial.suggest_discrete_uniform("pool_size", 2, 4, 2))
C:\Users\clayt\AppData\Local\Temp\ipykernel_4724\3957003435.py:83: FutureWarning: suggest_discrete_uniform has been deprecated in v3.0.0. This feature will be removed in v6.0.0. See https://github.com/optuna/optuna/releases/tag/v3.0.0. Use :func:`~optuna.trial.Trial.suggest_float` instead.
  lstm_out = int(trial.suggest_discrete_uniform("lstm_out", 64, 512, 64))
c:\Users\clayt\anaconda3\envs\gpu-ienv\lib\site-packages\torch\nn\modules\rnn.py:71: UserWarning: dropout option adds dropout after all but last recurrent layer, so non-zero dropout expects num_layers greater than 1, but got dropout=0.1 and num_layers=1
  warnings.warn("dropout option adds dropout after all but last "
[I 2023-04-15 23:17:37,979] Trial 23 finished with value: 0.8041247453377214 and parameters: {'num_filters': 256.0, 'filter_size': 3.0, 'pool_size': 2.0, 'lstm_out': 320.0, 'dropout_rate': 0.1}. Best is trial 18 with value: 0.804851904090268.
Validation accuracy: 0.8041 with hyperparameters: {'num_filters': 256.0, 'filter_size': 3.0, 'pool_size': 2.0, 'lstm_out': 320.0, 'dropout_rate': 0.1}
C:\Users\clayt\AppData\Local\Temp\ipykernel_4724\3957003435.py:80: FutureWarning: suggest_discrete_uniform has been deprecated in v3.0.0. This feature will be removed in v6.0.0. See https://github.com/optuna/optuna/releases/tag/v3.0.0. Use :func:`~optuna.trial.Trial.suggest_float` instead.
  num_filters = int(trial.suggest_discrete_uniform("num_filters", 32, 256, 32))
C:\Users\clayt\AppData\Local\Temp\ipykernel_4724\3957003435.py:81: FutureWarning: suggest_discrete_uniform has been deprecated in v3.0.0. This feature will be removed in v6.0.0. See https://github.com/optuna/optuna/releases/tag/v3.0.0. Use :func:`~optuna.trial.Trial.suggest_float` instead.
  filter_size = int(trial.suggest_discrete_uniform("filter_size", 3, 7, 2))
C:\Users\clayt\AppData\Local\Temp\ipykernel_4724\3957003435.py:82: FutureWarning: suggest_discrete_uniform has been deprecated in v3.0.0. This feature will be removed in v6.0.0. See https://github.com/optuna/optuna/releases/tag/v3.0.0. Use :func:`~optuna.trial.Trial.suggest_float` instead.
  pool_size = int(trial.suggest_discrete_uniform("pool_size", 2, 4, 2))
C:\Users\clayt\AppData\Local\Temp\ipykernel_4724\3957003435.py:83: FutureWarning: suggest_discrete_uniform has been deprecated in v3.0.0. This feature will be removed in v6.0.0. See https://github.com/optuna/optuna/releases/tag/v3.0.0. Use :func:`~optuna.trial.Trial.suggest_float` instead.
  lstm_out = int(trial.suggest_discrete_uniform("lstm_out", 64, 512, 64))
c:\Users\clayt\anaconda3\envs\gpu-ienv\lib\site-packages\torch\nn\modules\rnn.py:71: UserWarning: dropout option adds dropout after all but last recurrent layer, so non-zero dropout expects num_layers greater than 1, but got dropout=0.2 and num_layers=1
  warnings.warn("dropout option adds dropout after all but last "
[I 2023-04-15 23:30:40,922] Trial 24 finished with value: 0.8044507130543802 and parameters: {'num_filters': 256.0, 'filter_size': 3.0, 'pool_size': 2.0, 'lstm_out': 320.0, 'dropout_rate': 0.2}. Best is trial 18 with value: 0.804851904090268.
Validation accuracy: 0.8045 with hyperparameters: {'num_filters': 256.0, 'filter_size': 3.0, 'pool_size': 2.0, 'lstm_out': 320.0, 'dropout_rate': 0.2}
C:\Users\clayt\AppData\Local\Temp\ipykernel_4724\3957003435.py:80: FutureWarning: suggest_discrete_uniform has been deprecated in v3.0.0. This feature will be removed in v6.0.0. See https://github.com/optuna/optuna/releases/tag/v3.0.0. Use :func:`~optuna.trial.Trial.suggest_float` instead.
  num_filters = int(trial.suggest_discrete_uniform("num_filters", 32, 256, 32))
C:\Users\clayt\AppData\Local\Temp\ipykernel_4724\3957003435.py:81: FutureWarning: suggest_discrete_uniform has been deprecated in v3.0.0. This feature will be removed in v6.0.0. See https://github.com/optuna/optuna/releases/tag/v3.0.0. Use :func:`~optuna.trial.Trial.suggest_float` instead.
  filter_size = int(trial.suggest_discrete_uniform("filter_size", 3, 7, 2))
C:\Users\clayt\AppData\Local\Temp\ipykernel_4724\3957003435.py:82: FutureWarning: suggest_discrete_uniform has been deprecated in v3.0.0. This feature will be removed in v6.0.0. See https://github.com/optuna/optuna/releases/tag/v3.0.0. Use :func:`~optuna.trial.Trial.suggest_float` instead.
  pool_size = int(trial.suggest_discrete_uniform("pool_size", 2, 4, 2))
C:\Users\clayt\AppData\Local\Temp\ipykernel_4724\3957003435.py:83: FutureWarning: suggest_discrete_uniform has been deprecated in v3.0.0. This feature will be removed in v6.0.0. See https://github.com/optuna/optuna/releases/tag/v3.0.0. Use :func:`~optuna.trial.Trial.suggest_float` instead.
  lstm_out = int(trial.suggest_discrete_uniform("lstm_out", 64, 512, 64))
c:\Users\clayt\anaconda3\envs\gpu-ienv\lib\site-packages\torch\nn\modules\rnn.py:71: UserWarning: dropout option adds dropout after all but last recurrent layer, so non-zero dropout expects num_layers greater than 1, but got dropout=0.2 and num_layers=1
  warnings.warn("dropout option adds dropout after all but last "
[I 2023-04-15 23:43:26,215] Trial 25 finished with value: 0.8027707255916 and parameters: {'num_filters': 192.0, 'filter_size': 3.0, 'pool_size': 2.0, 'lstm_out': 320.0, 'dropout_rate': 0.2}. Best is trial 18 with value: 0.804851904090268.
Validation accuracy: 0.8028 with hyperparameters: {'num_filters': 192.0, 'filter_size': 3.0, 'pool_size': 2.0, 'lstm_out': 320.0, 'dropout_rate': 0.2}
C:\Users\clayt\AppData\Local\Temp\ipykernel_4724\3957003435.py:80: FutureWarning: suggest_discrete_uniform has been deprecated in v3.0.0. This feature will be removed in v6.0.0. See https://github.com/optuna/optuna/releases/tag/v3.0.0. Use :func:`~optuna.trial.Trial.suggest_float` instead.
  num_filters = int(trial.suggest_discrete_uniform("num_filters", 32, 256, 32))
C:\Users\clayt\AppData\Local\Temp\ipykernel_4724\3957003435.py:81: FutureWarning: suggest_discrete_uniform has been deprecated in v3.0.0. This feature will be removed in v6.0.0. See https://github.com/optuna/optuna/releases/tag/v3.0.0. Use :func:`~optuna.trial.Trial.suggest_float` instead.
  filter_size = int(trial.suggest_discrete_uniform("filter_size", 3, 7, 2))
C:\Users\clayt\AppData\Local\Temp\ipykernel_4724\3957003435.py:82: FutureWarning: suggest_discrete_uniform has been deprecated in v3.0.0. This feature will be removed in v6.0.0. See https://github.com/optuna/optuna/releases/tag/v3.0.0. Use :func:`~optuna.trial.Trial.suggest_float` instead.
  pool_size = int(trial.suggest_discrete_uniform("pool_size", 2, 4, 2))
C:\Users\clayt\AppData\Local\Temp\ipykernel_4724\3957003435.py:83: FutureWarning: suggest_discrete_uniform has been deprecated in v3.0.0. This feature will be removed in v6.0.0. See https://github.com/optuna/optuna/releases/tag/v3.0.0. Use :func:`~optuna.trial.Trial.suggest_float` instead.
  lstm_out = int(trial.suggest_discrete_uniform("lstm_out", 64, 512, 64))
c:\Users\clayt\anaconda3\envs\gpu-ienv\lib\site-packages\torch\nn\modules\rnn.py:71: UserWarning: dropout option adds dropout after all but last recurrent layer, so non-zero dropout expects num_layers greater than 1, but got dropout=0.2 and num_layers=1
  warnings.warn("dropout option adds dropout after all but last "
[I 2023-04-15 23:48:28,443] Trial 26 finished with value: 0.8014417802852217 and parameters: {'num_filters': 256.0, 'filter_size': 3.0, 'pool_size': 2.0, 'lstm_out': 448.0, 'dropout_rate': 0.2}. Best is trial 18 with value: 0.804851904090268.
Validation accuracy: 0.8014 with hyperparameters: {'num_filters': 256.0, 'filter_size': 3.0, 'pool_size': 2.0, 'lstm_out': 448.0, 'dropout_rate': 0.2}
C:\Users\clayt\AppData\Local\Temp\ipykernel_4724\3957003435.py:80: FutureWarning: suggest_discrete_uniform has been deprecated in v3.0.0. This feature will be removed in v6.0.0. See https://github.com/optuna/optuna/releases/tag/v3.0.0. Use :func:`~optuna.trial.Trial.suggest_float` instead.
  num_filters = int(trial.suggest_discrete_uniform("num_filters", 32, 256, 32))
C:\Users\clayt\AppData\Local\Temp\ipykernel_4724\3957003435.py:81: FutureWarning: suggest_discrete_uniform has been deprecated in v3.0.0. This feature will be removed in v6.0.0. See https://github.com/optuna/optuna/releases/tag/v3.0.0. Use :func:`~optuna.trial.Trial.suggest_float` instead.
  filter_size = int(trial.suggest_discrete_uniform("filter_size", 3, 7, 2))
C:\Users\clayt\AppData\Local\Temp\ipykernel_4724\3957003435.py:82: FutureWarning: suggest_discrete_uniform has been deprecated in v3.0.0. This feature will be removed in v6.0.0. See https://github.com/optuna/optuna/releases/tag/v3.0.0. Use :func:`~optuna.trial.Trial.suggest_float` instead.
  pool_size = int(trial.suggest_discrete_uniform("pool_size", 2, 4, 2))
C:\Users\clayt\AppData\Local\Temp\ipykernel_4724\3957003435.py:83: FutureWarning: suggest_discrete_uniform has been deprecated in v3.0.0. This feature will be removed in v6.0.0. See https://github.com/optuna/optuna/releases/tag/v3.0.0. Use :func:`~optuna.trial.Trial.suggest_float` instead.
  lstm_out = int(trial.suggest_discrete_uniform("lstm_out", 64, 512, 64))
c:\Users\clayt\anaconda3\envs\gpu-ienv\lib\site-packages\torch\nn\modules\rnn.py:71: UserWarning: dropout option adds dropout after all but last recurrent layer, so non-zero dropout expects num_layers greater than 1, but got dropout=0.2 and num_layers=1
  warnings.warn("dropout option adds dropout after all but last "
[I 2023-04-15 23:53:25,645] Trial 27 finished with value: 0.799899702241028 and parameters: {'num_filters': 224.0, 'filter_size': 5.0, 'pool_size': 2.0, 'lstm_out': 448.0, 'dropout_rate': 0.2}. Best is trial 18 with value: 0.804851904090268.
Validation accuracy: 0.7999 with hyperparameters: {'num_filters': 224.0, 'filter_size': 5.0, 'pool_size': 2.0, 'lstm_out': 448.0, 'dropout_rate': 0.2}
C:\Users\clayt\AppData\Local\Temp\ipykernel_4724\3957003435.py:80: FutureWarning: suggest_discrete_uniform has been deprecated in v3.0.0. This feature will be removed in v6.0.0. See https://github.com/optuna/optuna/releases/tag/v3.0.0. Use :func:`~optuna.trial.Trial.suggest_float` instead.
  num_filters = int(trial.suggest_discrete_uniform("num_filters", 32, 256, 32))
C:\Users\clayt\AppData\Local\Temp\ipykernel_4724\3957003435.py:81: FutureWarning: suggest_discrete_uniform has been deprecated in v3.0.0. This feature will be removed in v6.0.0. See https://github.com/optuna/optuna/releases/tag/v3.0.0. Use :func:`~optuna.trial.Trial.suggest_float` instead.
  filter_size = int(trial.suggest_discrete_uniform("filter_size", 3, 7, 2))
C:\Users\clayt\AppData\Local\Temp\ipykernel_4724\3957003435.py:82: FutureWarning: suggest_discrete_uniform has been deprecated in v3.0.0. This feature will be removed in v6.0.0. See https://github.com/optuna/optuna/releases/tag/v3.0.0. Use :func:`~optuna.trial.Trial.suggest_float` instead.
  pool_size = int(trial.suggest_discrete_uniform("pool_size", 2, 4, 2))
C:\Users\clayt\AppData\Local\Temp\ipykernel_4724\3957003435.py:83: FutureWarning: suggest_discrete_uniform has been deprecated in v3.0.0. This feature will be removed in v6.0.0. See https://github.com/optuna/optuna/releases/tag/v3.0.0. Use :func:`~optuna.trial.Trial.suggest_float` instead.
  lstm_out = int(trial.suggest_discrete_uniform("lstm_out", 64, 512, 64))
c:\Users\clayt\anaconda3\envs\gpu-ienv\lib\site-packages\torch\nn\modules\rnn.py:71: UserWarning: dropout option adds dropout after all but last recurrent layer, so non-zero dropout expects num_layers greater than 1, but got dropout=0.2 and num_layers=1
  warnings.warn("dropout option adds dropout after all but last "
[I 2023-04-16 00:06:27,264] Trial 28 finished with value: 0.8027644569816643 and parameters: {'num_filters': 256.0, 'filter_size': 3.0, 'pool_size': 2.0, 'lstm_out': 320.0, 'dropout_rate': 0.2}. Best is trial 18 with value: 0.804851904090268.
Validation accuracy: 0.8028 with hyperparameters: {'num_filters': 256.0, 'filter_size': 3.0, 'pool_size': 2.0, 'lstm_out': 320.0, 'dropout_rate': 0.2}
C:\Users\clayt\AppData\Local\Temp\ipykernel_4724\3957003435.py:80: FutureWarning: suggest_discrete_uniform has been deprecated in v3.0.0. This feature will be removed in v6.0.0. See https://github.com/optuna/optuna/releases/tag/v3.0.0. Use :func:`~optuna.trial.Trial.suggest_float` instead.
  num_filters = int(trial.suggest_discrete_uniform("num_filters", 32, 256, 32))
C:\Users\clayt\AppData\Local\Temp\ipykernel_4724\3957003435.py:81: FutureWarning: suggest_discrete_uniform has been deprecated in v3.0.0. This feature will be removed in v6.0.0. See https://github.com/optuna/optuna/releases/tag/v3.0.0. Use :func:`~optuna.trial.Trial.suggest_float` instead.
  filter_size = int(trial.suggest_discrete_uniform("filter_size", 3, 7, 2))
C:\Users\clayt\AppData\Local\Temp\ipykernel_4724\3957003435.py:82: FutureWarning: suggest_discrete_uniform has been deprecated in v3.0.0. This feature will be removed in v6.0.0. See https://github.com/optuna/optuna/releases/tag/v3.0.0. Use :func:`~optuna.trial.Trial.suggest_float` instead.
  pool_size = int(trial.suggest_discrete_uniform("pool_size", 2, 4, 2))
C:\Users\clayt\AppData\Local\Temp\ipykernel_4724\3957003435.py:83: FutureWarning: suggest_discrete_uniform has been deprecated in v3.0.0. This feature will be removed in v6.0.0. See https://github.com/optuna/optuna/releases/tag/v3.0.0. Use :func:`~optuna.trial.Trial.suggest_float` instead.
  lstm_out = int(trial.suggest_discrete_uniform("lstm_out", 64, 512, 64))
c:\Users\clayt\anaconda3\envs\gpu-ienv\lib\site-packages\torch\nn\modules\rnn.py:71: UserWarning: dropout option adds dropout after all but last recurrent layer, so non-zero dropout expects num_layers greater than 1, but got dropout=0.2 and num_layers=1
  warnings.warn("dropout option adds dropout after all but last "
