[I 2023-04-16 01:45:15,344] Trial 39 finished with value: 0.7946027268453221 and parameters: {'num_filters': 96.0, 'filter_size': 5.0, 'pool_size': 2.0, 'lstm_out': 256.0, 'dropout_rate': 0.2}. Best is trial 18 with value: 0.804851904090268.
Validation accuracy: 0.7946 with hyperparameters: {'num_filters': 96.0, 'filter_size': 5.0, 'pool_size': 2.0, 'lstm_out': 256.0, 'dropout_rate': 0.2}
[I 2023-04-16 01:58:08,877] Trial 40 finished with value: 0.8010217834195267 and parameters: {'num_filters': 224.0, 'filter_size': 3.0, 'pool_size': 2.0, 'lstm_out': 320.0, 'dropout_rate': 0.1}. Best is trial 18 with value: 0.804851904090268.
Validation accuracy: 0.8010 with hyperparameters: {'num_filters': 224.0, 'filter_size': 3.0, 'pool_size': 2.0, 'lstm_out': 320.0, 'dropout_rate': 0.1}
[I 2023-04-16 02:16:18,953] Trial 41 finished with value: 0.8054223475944209 and parameters: {'num_filters': 256.0, 'filter_size': 3.0, 'pool_size': 2.0, 'lstm_out': 384.0, 'dropout_rate': 0.1}. Best is trial 41 with value: 0.8054223475944209.
Validation accuracy: 0.8054 with hyperparameters: {'num_filters': 256.0, 'filter_size': 3.0, 'pool_size': 2.0, 'lstm_out': 384.0, 'dropout_rate': 0.1}
[I 2023-04-16 02:34:27,285] Trial 42 finished with value: 0.8024384892650055 and parameters: {'num_filters': 256.0, 'filter_size': 3.0, 'pool_size': 2.0, 'lstm_out': 384.0, 'dropout_rate': 0.1}. Best is trial 41 with value: 0.8054223475944209.
Validation accuracy: 0.8024 with hyperparameters: {'num_filters': 256.0, 'filter_size': 3.0, 'pool_size': 2.0, 'lstm_out': 384.0, 'dropout_rate': 0.1}
[I 2023-04-16 02:39:30,911] Trial 43 finished with value: 0.8040934022880426 and parameters: {'num_filters': 256.0, 'filter_size': 3.0, 'pool_size': 2.0, 'lstm_out': 448.0, 'dropout_rate': 0.1}. Best is trial 41 with value: 0.8054223475944209.
Validation accuracy: 0.8041 with hyperparameters: {'num_filters': 256.0, 'filter_size': 3.0, 'pool_size': 2.0, 'lstm_out': 448.0, 'dropout_rate': 0.1}
[I 2023-04-16 02:52:33,778] Trial 44 finished with value: 0.8049145901896254 and parameters: {'num_filters': 256.0, 'filter_size': 3.0, 'pool_size': 2.0, 'lstm_out': 320.0, 'dropout_rate': 0.1}. Best is trial 41 with value: 0.8054223475944209.
Validation accuracy: 0.8049 with hyperparameters: {'num_filters': 256.0, 'filter_size': 3.0, 'pool_size': 2.0, 'lstm_out': 320.0, 'dropout_rate': 0.1}
[I 2023-04-16 03:05:26,514] Trial 45 finished with value: 0.8036734054223476 and parameters: {'num_filters': 224.0, 'filter_size': 3.0, 'pool_size': 2.0, 'lstm_out': 320.0, 'dropout_rate': 0.2}. Best is trial 41 with value: 0.8054223475944209.
Validation accuracy: 0.8037 with hyperparameters: {'num_filters': 224.0, 'filter_size': 3.0, 'pool_size': 2.0, 'lstm_out': 320.0, 'dropout_rate': 0.2}
[I 2023-04-16 03:08:54,534] Trial 46 finished with value: 0.7989217990910515 and parameters: {'num_filters': 192.0, 'filter_size': 3.0, 'pool_size': 2.0, 'lstm_out': 256.0, 'dropout_rate': 0.1}. Best is trial 41 with value: 0.8054223475944209.
Validation accuracy: 0.7989 with hyperparameters: {'num_filters': 192.0, 'filter_size': 3.0, 'pool_size': 2.0, 'lstm_out': 256.0, 'dropout_rate': 0.1}
[I 2023-04-16 03:21:55,499] Trial 47 finished with value: 0.7950289923209528 and parameters: {'num_filters': 256.0, 'filter_size': 7.0, 'pool_size': 2.0, 'lstm_out': 320.0, 'dropout_rate': 0.1}. Best is trial 41 with value: 0.8054223475944209.
Validation accuracy: 0.7950 with hyperparameters: {'num_filters': 256.0, 'filter_size': 7.0, 'pool_size': 2.0, 'lstm_out': 320.0, 'dropout_rate': 0.1}C:\Users\clayt\AppData\Local\Temp[I 2023-04-16 03:31:43,528] Trial 48 finished with value: 0.7969471869612913 and parameters: {'num_filters': 224.0, 'filter_size': 5.0, 'pool_size': 4.0, 'lstm_out': 384.0, 'dropout_rate': 0.30000000000000004}. Best is trial 41 with value: 0.8054223475944209.
Validation accuracy: 0.7969 with hyperparameters: {'num_filters': 224.0, 'filter_size': 5.0, 'pool_size': 4.0, 'lstm_out': 384.0, 'dropout_rate': 0.30000000000000004}
[I 2023-04-16 03:34:25,340] Trial 49 finished with value: 0.8039742986992634 and parameters: {'num_filters': 224.0, 'filter_size': 3.0, 'pool_size': 2.0, 'lstm_out': 192.0, 'dropout_rate': 0.2}. Best is trial 41 with value: 0.8054223475944209.

Trial 51 finished with value:0.8023 and parameters: {'num_filters': 224.0, 'filter_size': 3.0, 'pool_size': 2.0, 'lstm_out': 448.0, 'dropout_rate': 0.30000000000000004}.



Validation accuracy: 0.8040 with hyperparameters: {'num_filters': 224.0, 'filter_size': 3.0, 'pool_size': 2.0, 'lstm_out': 192.0, 'dropout_rate': 0.2}
Best trial:
  Value:  0.8054223475944209
  Params: 
    num_filters: 256.0
    filter_size: 3.0
    pool_size: 2.0
    lstm_out: 384.0
    dropout_rate: 0.1