c:\Users\clayt\anaconda3\envs\gpu-ienv\lib\site-packages\tqdm\auto.py:21: TqdmWarning: IProgress not found. Please update jupyter and ipywidgets. See https://ipywidgets.readthedocs.io/en/stable/user_install.html
  from .autonotebook import tqdm as notebook_tqdm
[I 2023-04-15 20:43:17,878] A new study created in memory with name: no-name-07f02b22-6b0b-45e6-b6c8-aa733a96076c
C:\Users\clayt\AppData\Local\Temp\ipykernel_4724\3957003435.py:80: FutureWarning: suggest_discrete_uniform has been deprecated in v3.0.0. This feature will be removed in v6.0.0. See https://github.com/optuna/optuna/releases/tag/v3.0.0. Use :func:`~optuna.trial.Trial.suggest_float` instead.
  num_filters = int(trial.suggest_discrete_uniform("num_filters", 32, 256, 32))
C:\Users\clayt\AppData\Local\Temp\ipykernel_4724\3957003435.py:81: FutureWarning: suggest_discrete_uniform has been deprecated in v3.0.0. This feature will be removed in v6.0.0. See https://github.com/optuna/optuna/releases/tag/v3.0.0. Use :func:`~optuna.trial.Trial.suggest_float` instead.
  filter_size = int(trial.suggest_discrete_uniform("filter_size", 3, 7, 2))
C:\Users\clayt\AppData\Local\Temp\ipykernel_4724\3957003435.py:82: FutureWarning: suggest_discrete_uniform has been deprecated in v3.0.0. This feature will be removed in v6.0.0. See https://github.com/optuna/optuna/releases/tag/v3.0.0. Use :func:`~optuna.trial.Trial.suggest_float` instead.
  pool_size = int(trial.suggest_discrete_uniform("pool_size", 2, 4, 2))
C:\Users\clayt\AppData\Local\Temp\ipykernel_4724\3957003435.py:83: FutureWarning: suggest_discrete_uniform has been deprecated in v3.0.0. This feature will be removed in v6.0.0. See https://github.com/optuna/optuna/releases/tag/v3.0.0. Use :func:`~optuna.trial.Trial.suggest_float` instead.
  lstm_out = int(trial.suggest_discrete_uniform("lstm_out", 64, 512, 64))
c:\Users\clayt\anaconda3\envs\gpu-ienv\lib\site-packages\torch\nn\modules\rnn.py:71: UserWarning: dropout option adds dropout after all but last recurrent layer, so non-zero dropout expects num_layers greater than 1, but got dropout=0.2 and num_layers=1
  warnings.warn("dropout option adds dropout after all but last "
[I 2023-04-15 20:47:33,810] Trial 0 finished with value: 0.7961009246199655 and parameters: {'num_filters': 256.0, 'filter_size': 7.0, 'pool_size': 2.0, 'lstm_out': 256.0, 'dropout_rate': 0.2}. Best is trial 0 with value: 0.7961009246199655.
Validation accuracy: 0.7961 with hyperparameters: {'num_filters': 256.0, 'filter_size': 7.0, 'pool_size': 2.0, 'lstm_out': 256.0, 'dropout_rate': 0.2}
C:\Users\clayt\AppData\Local\Temp\ipykernel_4724\3957003435.py:80: FutureWarning: suggest_discrete_uniform has been deprecated in v3.0.0. This feature will be removed in v6.0.0. See https://github.com/optuna/optuna/releases/tag/v3.0.0. Use :func:`~optuna.trial.Trial.suggest_float` instead.
  num_filters = int(trial.suggest_discrete_uniform("num_filters", 32, 256, 32))
C:\Users\clayt\AppData\Local\Temp\ipykernel_4724\3957003435.py:81: FutureWarning: suggest_discrete_uniform has been deprecated in v3.0.0. This feature will be removed in v6.0.0. See https://github.com/optuna/optuna/releases/tag/v3.0.0. Use :func:`~optuna.trial.Trial.suggest_float` instead.
  filter_size = int(trial.suggest_discrete_uniform("filter_size", 3, 7, 2))
C:\Users\clayt\AppData\Local\Temp\ipykernel_4724\3957003435.py:82: FutureWarning: suggest_discrete_uniform has been deprecated in v3.0.0. This feature will be removed in v6.0.0. See https://github.com/optuna/optuna/releases/tag/v3.0.0. Use :func:`~optuna.trial.Trial.suggest_float` instead.
  pool_size = int(trial.suggest_discrete_uniform("pool_size", 2, 4, 2))
C:\Users\clayt\AppData\Local\Temp\ipykernel_4724\3957003435.py:83: FutureWarning: suggest_discrete_uniform has been deprecated in v3.0.0. This feature will be removed in v6.0.0. See https://github.com/optuna/optuna/releases/tag/v3.0.0. Use :func:`~optuna.trial.Trial.suggest_float` instead.
  lstm_out = int(trial.suggest_discrete_uniform("lstm_out", 64, 512, 64))
c:\Users\clayt\anaconda3\envs\gpu-ienv\lib\site-packages\torch\nn\modules\rnn.py:71: UserWarning: dropout option adds dropout after all but last recurrent layer, so non-zero dropout expects num_layers greater than 1, but got dropout=0.30000000000000004 and num_layers=1
  warnings.warn("dropout option adds dropout after all but last "
[I 2023-04-15 20:50:02,408] Trial 1 finished with value: 0.7987588152327222 and parameters: {'num_filters': 160.0, 'filter_size': 5.0, 'pool_size': 2.0, 'lstm_out': 192.0, 'dropout_rate': 0.30000000000000004}. Best is trial 1 with value: 0.7987588152327222.
Validation accuracy: 0.7988 with hyperparameters: {'num_filters': 160.0, 'filter_size': 5.0, 'pool_size': 2.0, 'lstm_out': 192.0, 'dropout_rate': 0.30000000000000004}
C:\Users\clayt\AppData\Local\Temp\ipykernel_4724\3957003435.py:80: FutureWarning: suggest_discrete_uniform has been deprecated in v3.0.0. This feature will be removed in v6.0.0. See https://github.com/optuna/optuna/releases/tag/v3.0.0. Use :func:`~optuna.trial.Trial.suggest_float` instead.
  num_filters = int(trial.suggest_discrete_uniform("num_filters", 32, 256, 32))
C:\Users\clayt\AppData\Local\Temp\ipykernel_4724\3957003435.py:81: FutureWarning: suggest_discrete_uniform has been deprecated in v3.0.0. This feature will be removed in v6.0.0. See https://github.com/optuna/optuna/releases/tag/v3.0.0. Use :func:`~optuna.trial.Trial.suggest_float` instead.
  filter_size = int(trial.suggest_discrete_uniform("filter_size", 3, 7, 2))
C:\Users\clayt\AppData\Local\Temp\ipykernel_4724\3957003435.py:82: FutureWarning: suggest_discrete_uniform has been deprecated in v3.0.0. This feature will be removed in v6.0.0. See https://github.com/optuna/optuna/releases/tag/v3.0.0. Use :func:`~optuna.trial.Trial.suggest_float` instead.
  pool_size = int(trial.suggest_discrete_uniform("pool_size", 2, 4, 2))
C:\Users\clayt\AppData\Local\Temp\ipykernel_4724\3957003435.py:83: FutureWarning: suggest_discrete_uniform has been deprecated in v3.0.0. This feature will be removed in v6.0.0. See https://github.com/optuna/optuna/releases/tag/v3.0.0. Use :func:`~optuna.trial.Trial.suggest_float` instead.
  lstm_out = int(trial.suggest_discrete_uniform("lstm_out", 64, 512, 64))
c:\Users\clayt\anaconda3\envs\gpu-ienv\lib\site-packages\torch\nn\modules\rnn.py:71: UserWarning: dropout option adds dropout after all but last recurrent layer, so non-zero dropout expects num_layers greater than 1, but got dropout=0.4 and num_layers=1
  warnings.warn("dropout option adds dropout after all but last "
[I 2023-04-15 20:52:15,942] Trial 2 finished with value: 0.7253847359348065 and parameters: {'num_filters': 128.0, 'filter_size': 7.0, 'pool_size': 4.0, 'lstm_out': 256.0, 'dropout_rate': 0.4}. Best is trial 1 with value: 0.7987588152327222.
Validation accuracy: 0.7254 with hyperparameters: {'num_filters': 128.0, 'filter_size': 7.0, 'pool_size': 4.0, 'lstm_out': 256.0, 'dropout_rate': 0.4}
C:\Users\clayt\AppData\Local\Temp\ipykernel_4724\3957003435.py:80: FutureWarning: suggest_discrete_uniform has been deprecated in v3.0.0. This feature will be removed in v6.0.0. See https://github.com/optuna/optuna/releases/tag/v3.0.0. Use :func:`~optuna.trial.Trial.suggest_float` instead.
  num_filters = int(trial.suggest_discrete_uniform("num_filters", 32, 256, 32))
C:\Users\clayt\AppData\Local\Temp\ipykernel_4724\3957003435.py:81: FutureWarning: suggest_discrete_uniform has been deprecated in v3.0.0. This feature will be removed in v6.0.0. See https://github.com/optuna/optuna/releases/tag/v3.0.0. Use :func:`~optuna.trial.Trial.suggest_float` instead.
  filter_size = int(trial.suggest_discrete_uniform("filter_size", 3, 7, 2))
C:\Users\clayt\AppData\Local\Temp\ipykernel_4724\3957003435.py:82: FutureWarning: suggest_discrete_uniform has been deprecated in v3.0.0. This feature will be removed in v6.0.0. See https://github.com/optuna/optuna/releases/tag/v3.0.0. Use :func:`~optuna.trial.Trial.suggest_float` instead.
  pool_size = int(trial.suggest_discrete_uniform("pool_size", 2, 4, 2))
C:\Users\clayt\AppData\Local\Temp\ipykernel_4724\3957003435.py:83: FutureWarning: suggest_discrete_uniform has been deprecated in v3.0.0. This feature will be removed in v6.0.0. See https://github.com/optuna/optuna/releases/tag/v3.0.0. Use :func:`~optuna.trial.Trial.suggest_float` instead.
  lstm_out = int(trial.suggest_discrete_uniform("lstm_out", 64, 512, 64))
c:\Users\clayt\anaconda3\envs\gpu-ienv\lib\site-packages\torch\nn\modules\rnn.py:71: UserWarning: dropout option adds dropout after all but last recurrent layer, so non-zero dropout expects num_layers greater than 1, but got dropout=0.4 and num_layers=1
  warnings.warn("dropout option adds dropout after all but last "
[I 2023-04-15 20:55:36,991] Trial 3 finished with value: 0.7270208431280364 and parameters: {'num_filters': 160.0, 'filter_size': 7.0, 'pool_size': 4.0, 'lstm_out': 512.0, 'dropout_rate': 0.4}. Best is trial 1 with value: 0.7987588152327222.
Validation accuracy: 0.7270 with hyperparameters: {'num_filters': 160.0, 'filter_size': 7.0, 'pool_size': 4.0, 'lstm_out': 512.0, 'dropout_rate': 0.4}
C:\Users\clayt\AppData\Local\Temp\ipykernel_4724\3957003435.py:80: FutureWarning: suggest_discrete_uniform has been deprecated in v3.0.0. This feature will be removed in v6.0.0. See https://github.com/optuna/optuna/releases/tag/v3.0.0. Use :func:`~optuna.trial.Trial.suggest_float` instead.
  num_filters = int(trial.suggest_discrete_uniform("num_filters", 32, 256, 32))
C:\Users\clayt\AppData\Local\Temp\ipykernel_4724\3957003435.py:81: FutureWarning: suggest_discrete_uniform has been deprecated in v3.0.0. This feature will be removed in v6.0.0. See https://github.com/optuna/optuna/releases/tag/v3.0.0. Use :func:`~optuna.trial.Trial.suggest_float` instead.
  filter_size = int(trial.suggest_discrete_uniform("filter_size", 3, 7, 2))
C:\Users\clayt\AppData\Local\Temp\ipykernel_4724\3957003435.py:82: FutureWarning: suggest_discrete_uniform has been deprecated in v3.0.0. This feature will be removed in v6.0.0. See https://github.com/optuna/optuna/releases/tag/v3.0.0. Use :func:`~optuna.trial.Trial.suggest_float` instead.
  pool_size = int(trial.suggest_discrete_uniform("pool_size", 2, 4, 2))
C:\Users\clayt\AppData\Local\Temp\ipykernel_4724\3957003435.py:83: FutureWarning: suggest_discrete_uniform has been deprecated in v3.0.0. This feature will be removed in v6.0.0. See https://github.com/optuna/optuna/releases/tag/v3.0.0. Use :func:`~optuna.trial.Trial.suggest_float` instead.
  lstm_out = int(trial.suggest_discrete_uniform("lstm_out", 64, 512, 64))
c:\Users\clayt\anaconda3\envs\gpu-ienv\lib\site-packages\torch\nn\modules\rnn.py:71: UserWarning: dropout option adds dropout after all but last recurrent layer, so non-zero dropout expects num_layers greater than 1, but got dropout=0.2 and num_layers=1
  warnings.warn("dropout option adds dropout after all but last "
[I 2023-04-15 20:57:44,067] Trial 4 finished with value: 0.7960382385206081 and parameters: {'num_filters': 96.0, 'filter_size': 7.0, 'pool_size': 2.0, 'lstm_out': 192.0, 'dropout_rate': 0.2}. Best is trial 1 with value: 0.7987588152327222.
Validation accuracy: 0.7960 with hyperparameters: {'num_filters': 96.0, 'filter_size': 7.0, 'pool_size': 2.0, 'lstm_out': 192.0, 'dropout_rate': 0.2}
C:\Users\clayt\AppData\Local\Temp\ipykernel_4724\3957003435.py:80: FutureWarning: suggest_discrete_uniform has been deprecated in v3.0.0. This feature will be removed in v6.0.0. See https://github.com/optuna/optuna/releases/tag/v3.0.0. Use :func:`~optuna.trial.Trial.suggest_float` instead.
  num_filters = int(trial.suggest_discrete_uniform("num_filters", 32, 256, 32))
C:\Users\clayt\AppData\Local\Temp\ipykernel_4724\3957003435.py:81: FutureWarning: suggest_discrete_uniform has been deprecated in v3.0.0. This feature will be removed in v6.0.0. See https://github.com/optuna/optuna/releases/tag/v3.0.0. Use :func:`~optuna.trial.Trial.suggest_float` instead.
  filter_size = int(trial.suggest_discrete_uniform("filter_size", 3, 7, 2))
C:\Users\clayt\AppData\Local\Temp\ipykernel_4724\3957003435.py:82: FutureWarning: suggest_discrete_uniform has been deprecated in v3.0.0. This feature will be removed in v6.0.0. See https://github.com/optuna/optuna/releases/tag/v3.0.0. Use :func:`~optuna.trial.Trial.suggest_float` instead.
  pool_size = int(trial.suggest_discrete_uniform("pool_size", 2, 4, 2))
C:\Users\clayt\AppData\Local\Temp\ipykernel_4724\3957003435.py:83: FutureWarning: suggest_discrete_uniform has been deprecated in v3.0.0. This feature will be removed in v6.0.0. See https://github.com/optuna/optuna/releases/tag/v3.0.0. Use :func:`~optuna.trial.Trial.suggest_float` instead.
  lstm_out = int(trial.suggest_discrete_uniform("lstm_out", 64, 512, 64))
c:\Users\clayt\anaconda3\envs\gpu-ienv\lib\site-packages\torch\nn\modules\rnn.py:71: UserWarning: dropout option adds dropout after all but last recurrent layer, so non-zero dropout expects num_layers greater than 1, but got dropout=0.30000000000000004 and num_layers=1
  warnings.warn("dropout option adds dropout after all but last "
[I 2023-04-15 21:00:07,347] Trial 5 finished with value: 0.7959065977119574 and parameters: {'num_filters': 256.0, 'filter_size': 7.0, 'pool_size': 2.0, 'lstm_out': 64.0, 'dropout_rate': 0.30000000000000004}. Best is trial 1 with value: 0.7987588152327222.
Validation accuracy: 0.7959 with hyperparameters: {'num_filters': 256.0, 'filter_size': 7.0, 'pool_size': 2.0, 'lstm_out': 64.0, 'dropout_rate': 0.30000000000000004}
C:\Users\clayt\AppData\Local\Temp\ipykernel_4724\3957003435.py:80: FutureWarning: suggest_discrete_uniform has been deprecated in v3.0.0. This feature will be removed in v6.0.0. See https://github.com/optuna/optuna/releases/tag/v3.0.0. Use :func:`~optuna.trial.Trial.suggest_float` instead.
  num_filters = int(trial.suggest_discrete_uniform("num_filters", 32, 256, 32))
C:\Users\clayt\AppData\Local\Temp\ipykernel_4724\3957003435.py:81: FutureWarning: suggest_discrete_uniform has been deprecated in v3.0.0. This feature will be removed in v6.0.0. See https://github.com/optuna/optuna/releases/tag/v3.0.0. Use :func:`~optuna.trial.Trial.suggest_float` instead.
  filter_size = int(trial.suggest_discrete_uniform("filter_size", 3, 7, 2))
C:\Users\clayt\AppData\Local\Temp\ipykernel_4724\3957003435.py:82: FutureWarning: suggest_discrete_uniform has been deprecated in v3.0.0. This feature will be removed in v6.0.0. See https://github.com/optuna/optuna/releases/tag/v3.0.0. Use :func:`~optuna.trial.Trial.suggest_float` instead.
  pool_size = int(trial.suggest_discrete_uniform("pool_size", 2, 4, 2))
C:\Users\clayt\AppData\Local\Temp\ipykernel_4724\3957003435.py:83: FutureWarning: suggest_discrete_uniform has been deprecated in v3.0.0. This feature will be removed in v6.0.0. See https://github.com/optuna/optuna/releases/tag/v3.0.0. Use :func:`~optuna.trial.Trial.suggest_float` instead.
  lstm_out = int(trial.suggest_discrete_uniform("lstm_out", 64, 512, 64))
c:\Users\clayt\anaconda3\envs\gpu-ienv\lib\site-packages\torch\nn\modules\rnn.py:71: UserWarning: dropout option adds dropout after all but last recurrent layer, so non-zero dropout expects num_layers greater than 1, but got dropout=0.4 and num_layers=1
  warnings.warn("dropout option adds dropout after all but last "
[I 2023-04-15 21:03:34,804] Trial 6 finished with value: 0.798144491459019 and parameters: {'num_filters': 160.0, 'filter_size': 5.0, 'pool_size': 2.0, 'lstm_out': 256.0, 'dropout_rate': 0.4}. Best is trial 1 with value: 0.7987588152327222.
Validation accuracy: 0.7981 with hyperparameters: {'num_filters': 160.0, 'filter_size': 5.0, 'pool_size': 2.0, 'lstm_out': 256.0, 'dropout_rate': 0.4}
C:\Users\clayt\AppData\Local\Temp\ipykernel_4724\3957003435.py:80: FutureWarning: suggest_discrete_uniform has been deprecated in v3.0.0. This feature will be removed in v6.0.0. See https://github.com/optuna/optuna/releases/tag/v3.0.0. Use :func:`~optuna.trial.Trial.suggest_float` instead.
  num_filters = int(trial.suggest_discrete_uniform("num_filters", 32, 256, 32))
C:\Users\clayt\AppData\Local\Temp\ipykernel_4724\3957003435.py:81: FutureWarning: suggest_discrete_uniform has been deprecated in v3.0.0. This feature will be removed in v6.0.0. See https://github.com/optuna/optuna/releases/tag/v3.0.0. Use :func:`~optuna.trial.Trial.suggest_float` instead.
  filter_size = int(trial.suggest_discrete_uniform("filter_size", 3, 7, 2))
C:\Users\clayt\AppData\Local\Temp\ipykernel_4724\3957003435.py:82: FutureWarning: suggest_discrete_uniform has been deprecated in v3.0.0. This feature will be removed in v6.0.0. See https://github.com/optuna/optuna/releases/tag/v3.0.0. Use :func:`~optuna.trial.Trial.suggest_float` instead.
  pool_size = int(trial.suggest_discrete_uniform("pool_size", 2, 4, 2))
C:\Users\clayt\AppData\Local\Temp\ipykernel_4724\3957003435.py:83: FutureWarning: suggest_discrete_uniform has been deprecated in v3.0.0. This feature will be removed in v6.0.0. See https://github.com/optuna/optuna/releases/tag/v3.0.0. Use :func:`~optuna.trial.Trial.suggest_float` instead.
  lstm_out = int(trial.suggest_discrete_uniform("lstm_out", 64, 512, 64))
c:\Users\clayt\anaconda3\envs\gpu-ienv\lib\site-packages\torch\nn\modules\rnn.py:71: UserWarning: dropout option adds dropout after all but last recurrent layer, so non-zero dropout expects num_layers greater than 1, but got dropout=0.4 and num_layers=1
  warnings.warn("dropout option adds dropout after all but last "
[I 2023-04-15 21:10:11,953] Trial 7 finished with value: 0.7937501958940605 and parameters: {'num_filters': 64.0, 'filter_size': 7.0, 'pool_size': 2.0, 'lstm_out': 256.0, 'dropout_rate': 0.4}. Best is trial 1 with value: 0.7987588152327222.
Validation accuracy: 0.7938 with hyperparameters: {'num_filters': 64.0, 'filter_size': 7.0, 'pool_size': 2.0, 'lstm_out': 256.0, 'dropout_rate': 0.4}
C:\Users\clayt\AppData\Local\Temp\ipykernel_4724\3957003435.py:80: FutureWarning: suggest_discrete_uniform has been deprecated in v3.0.0. This feature will be removed in v6.0.0. See https://github.com/optuna/optuna/releases/tag/v3.0.0. Use :func:`~optuna.trial.Trial.suggest_float` instead.
  num_filters = int(trial.suggest_discrete_uniform("num_filters", 32, 256, 32))
C:\Users\clayt\AppData\Local\Temp\ipykernel_4724\3957003435.py:81: FutureWarning: suggest_discrete_uniform has been deprecated in v3.0.0. This feature will be removed in v6.0.0. See https://github.com/optuna/optuna/releases/tag/v3.0.0. Use :func:`~optuna.trial.Trial.suggest_float` instead.
  filter_size = int(trial.suggest_discrete_uniform("filter_size", 3, 7, 2))
C:\Users\clayt\AppData\Local\Temp\ipykernel_4724\3957003435.py:82: FutureWarning: suggest_discrete_uniform has been deprecated in v3.0.0. This feature will be removed in v6.0.0. See https://github.com/optuna/optuna/releases/tag/v3.0.0. Use :func:`~optuna.trial.Trial.suggest_float` instead.
  pool_size = int(trial.suggest_discrete_uniform("pool_size", 2, 4, 2))
C:\Users\clayt\AppData\Local\Temp\ipykernel_4724\3957003435.py:83: FutureWarning: suggest_discrete_uniform has been deprecated in v3.0.0. This feature will be removed in v6.0.0. See https://github.com/optuna/optuna/releases/tag/v3.0.0. Use :func:`~optuna.trial.Trial.suggest_float` instead.
  lstm_out = int(trial.suggest_discrete_uniform("lstm_out", 64, 512, 64))
c:\Users\clayt\anaconda3\envs\gpu-ienv\lib\site-packages\torch\nn\modules\rnn.py:71: UserWarning: dropout option adds dropout after all but last recurrent layer, so non-zero dropout expects num_layers greater than 1, but got dropout=0.30000000000000004 and num_layers=1
  warnings.warn("dropout option adds dropout after all but last "
[I 2023-04-15 21:13:15,270] Trial 8 finished with value: 0.7292211252154834 and parameters: {'num_filters': 64.0, 'filter_size': 3.0, 'pool_size': 4.0, 'lstm_out': 192.0, 'dropout_rate': 0.30000000000000004}. Best is trial 1 with value: 0.7987588152327222.
Validation accuracy: 0.7292 with hyperparameters: {'num_filters': 64.0, 'filter_size': 3.0, 'pool_size': 4.0, 'lstm_out': 192.0, 'dropout_rate': 0.30000000000000004}
C:\Users\clayt\AppData\Local\Temp\ipykernel_4724\3957003435.py:80: FutureWarning: suggest_discrete_uniform has been deprecated in v3.0.0. This feature will be removed in v6.0.0. See https://github.com/optuna/optuna/releases/tag/v3.0.0. Use :func:`~optuna.trial.Trial.suggest_float` instead.
  num_filters = int(trial.suggest_discrete_uniform("num_filters", 32, 256, 32))
C:\Users\clayt\AppData\Local\Temp\ipykernel_4724\3957003435.py:81: FutureWarning: suggest_discrete_uniform has been deprecated in v3.0.0. This feature will be removed in v6.0.0. See https://github.com/optuna/optuna/releases/tag/v3.0.0. Use :func:`~optuna.trial.Trial.suggest_float` instead.
  filter_size = int(trial.suggest_discrete_uniform("filter_size", 3, 7, 2))
C:\Users\clayt\AppData\Local\Temp\ipykernel_4724\3957003435.py:82: FutureWarning: suggest_discrete_uniform has been deprecated in v3.0.0. This feature will be removed in v6.0.0. See https://github.com/optuna/optuna/releases/tag/v3.0.0. Use :func:`~optuna.trial.Trial.suggest_float` instead.
  pool_size = int(trial.suggest_discrete_uniform("pool_size", 2, 4, 2))
C:\Users\clayt\AppData\Local\Temp\ipykernel_4724\3957003435.py:83: FutureWarning: suggest_discrete_uniform has been deprecated in v3.0.0. This feature will be removed in v6.0.0. See https://github.com/optuna/optuna/releases/tag/v3.0.0. Use :func:`~optuna.trial.Trial.suggest_float` instead.
  lstm_out = int(trial.suggest_discrete_uniform("lstm_out", 64, 512, 64))
c:\Users\clayt\anaconda3\envs\gpu-ienv\lib\site-packages\torch\nn\modules\rnn.py:71: UserWarning: dropout option adds dropout after all but last recurrent layer, so non-zero dropout expects num_layers greater than 1, but got dropout=0.2 and num_layers=1
  warnings.warn("dropout option adds dropout after all but last "
