[I 2023-04-16 00:24:34,463] Trial 29 finished with value: 0.7984453847359348 and parameters: {'num_filters': 256.0, 'filter_size': 3.0, 'pool_size': 2.0, 'lstm_out': 384.0, 'dropout_rate': 0.2}. Best is trial 18 with value: 0.804851904090268.
Validation accuracy: 0.7984 with hyperparameters: {'num_filters': 256.0, 'filter_size': 3.0, 'pool_size': 2.0, 'lstm_out': 384.0, 'dropout_rate': 0.2}
C:\Users\clayt\AppData\Local\Temp\ipykernel_4724\3957003435.py:80: FutureWarning: suggest_discrete_uniform has been deprecated in v3.0.0. This feature will be removed in v6.0.0. See https://github.com/optuna/optuna/releases/tag/v3.0.0. Use :func:`~optuna.trial.Trial.suggest_float` instead.
  num_filters = int(trial.suggest_discrete_uniform("num_filters", 32, 256, 32))
C:\Users\clayt\AppData\Local\Temp\ipykernel_4724\3957003435.py:81: FutureWarning: suggest_discrete_uniform has been deprecated in v3.0.0. This feature will be removed in v6.0.0. See https://github.com/optuna/optuna/releases/tag/v3.0.0. Use :func:`~optuna.trial.Trial.suggest_float` instead.
  filter_size = int(trial.suggest_discrete_uniform("filter_size", 3, 7, 2))
C:\Users\clayt\AppData\Local\Temp\ipykernel_4724\3957003435.py:82: FutureWarning: suggest_discrete_uniform has been deprecated in v3.0.0. This feature will be removed in v6.0.0. See https://github.com/optuna/optuna/releases/tag/v3.0.0. Use :func:`~optuna.trial.Trial.suggest_float` instead.
  pool_size = int(trial.suggest_discrete_uniform("pool_size", 2, 4, 2))
C:\Users\clayt\AppData\Local\Temp\ipykernel_4724\3957003435.py:83: FutureWarning: suggest_discrete_uniform has been deprecated in v3.0.0. This feature will be removed in v6.0.0. See https://github.com/optuna/optuna/releases/tag/v3.0.0. Use :func:`~optuna.trial.Trial.suggest_float` instead.
  lstm_out = int(trial.suggest_discrete_uniform("lstm_out", 64, 512, 64))
c:\Users\clayt\anaconda3\envs\gpu-ienv\lib\site-packages\torch\nn\modules\rnn.py:71: UserWarning: dropout option adds dropout after all but last recurrent layer, so non-zero dropout expects num_layers greater than 1, but got dropout=0.1 and num_layers=1
  warnings.warn("dropout option adds dropout after all but last "
[I 2023-04-16 00:37:09,218] Trial 30 finished with value: 0.7987400094029149 and parameters: {'num_filters': 192.0, 'filter_size': 5.0, 'pool_size': 2.0, 'lstm_out': 320.0, 'dropout_rate': 0.1}. Best is trial 18 with value: 0.804851904090268.
Validation accuracy: 0.7987 with hyperparameters: {'num_filters': 192.0, 'filter_size': 5.0, 'pool_size': 2.0, 'lstm_out': 320.0, 'dropout_rate': 0.1}
C:\Users\clayt\AppData\Local\Temp\ipykernel_4724\3957003435.py:80: FutureWarning: suggest_discrete_uniform has been deprecated in v3.0.0. This feature will be removed in v6.0.0. See https://github.com/optuna/optuna/releases/tag/v3.0.0. Use :func:`~optuna.trial.Trial.suggest_float` instead.
  num_filters = int(trial.suggest_discrete_uniform("num_filters", 32, 256, 32))
C:\Users\clayt\AppData\Local\Temp\ipykernel_4724\3957003435.py:81: FutureWarning: suggest_discrete_uniform has been deprecated in v3.0.0. This feature will be removed in v6.0.0. See https://github.com/optuna/optuna/releases/tag/v3.0.0. Use :func:`~optuna.trial.Trial.suggest_float` instead.
  filter_size = int(trial.suggest_discrete_uniform("filter_size", 3, 7, 2))
C:\Users\clayt\AppData\Local\Temp\ipykernel_4724\3957003435.py:82: FutureWarning: suggest_discrete_uniform has been deprecated in v3.0.0. This feature will be removed in v6.0.0. See https://github.com/optuna/optuna/releases/tag/v3.0.0. Use :func:`~optuna.trial.Trial.suggest_float` instead.
  pool_size = int(trial.suggest_discrete_uniform("pool_size", 2, 4, 2))
C:\Users\clayt\AppData\Local\Temp\ipykernel_4724\3957003435.py:83: FutureWarning: suggest_discrete_uniform has been deprecated in v3.0.0. This feature will be removed in v6.0.0. See https://github.com/optuna/optuna/releases/tag/v3.0.0. Use :func:`~optuna.trial.Trial.suggest_float` instead.
  lstm_out = int(trial.suggest_discrete_uniform("lstm_out", 64, 512, 64))
c:\Users\clayt\anaconda3\envs\gpu-ienv\lib\site-packages\torch\nn\modules\rnn.py:71: UserWarning: dropout option adds dropout after all but last recurrent layer, so non-zero dropout expects num_layers greater than 1, but got dropout=0.1 and num_layers=1
  warnings.warn("dropout option adds dropout after all but last "
[I 2023-04-16 00:50:10,958] Trial 31 finished with value: 0.804851904090268 and parameters: {'num_filters': 256.0, 'filter_size': 3.0, 'pool_size': 2.0, 'lstm_out': 320.0, 'dropout_rate': 0.1}. Best is trial 18 with value: 0.804851904090268.
Validation accuracy: 0.8049 with hyperparameters: {'num_filters': 256.0, 'filter_size': 3.0, 'pool_size': 2.0, 'lstm_out': 320.0, 'dropout_rate': 0.1}
C:\Users\clayt\AppData\Local\Temp\ipykernel_4724\3957003435.py:80: FutureWarning: suggest_discrete_uniform has been deprecated in v3.0.0. This feature will be removed in v6.0.0. See https://github.com/optuna/optuna/releases/tag/v3.0.0. Use :func:`~optuna.trial.Trial.suggest_float` instead.
  num_filters = int(trial.suggest_discrete_uniform("num_filters", 32, 256, 32))
C:\Users\clayt\AppData\Local\Temp\ipykernel_4724\3957003435.py:81: FutureWarning: suggest_discrete_uniform has been deprecated in v3.0.0. This feature will be removed in v6.0.0. See https://github.com/optuna/optuna/releases/tag/v3.0.0. Use :func:`~optuna.trial.Trial.suggest_float` instead.
  filter_size = int(trial.suggest_discrete_uniform("filter_size", 3, 7, 2))
C:\Users\clayt\AppData\Local\Temp\ipykernel_4724\3957003435.py:82: FutureWarning: suggest_discrete_uniform has been deprecated in v3.0.0. This feature will be removed in v6.0.0. See https://github.com/optuna/optuna/releases/tag/v3.0.0. Use :func:`~optuna.trial.Trial.suggest_float` instead.
  pool_size = int(trial.suggest_discrete_uniform("pool_size", 2, 4, 2))
C:\Users\clayt\AppData\Local\Temp\ipykernel_4724\3957003435.py:83: FutureWarning: suggest_discrete_uniform has been deprecated in v3.0.0. This feature will be removed in v6.0.0. See https://github.com/optuna/optuna/releases/tag/v3.0.0. Use :func:`~optuna.trial.Trial.suggest_float` instead.
  lstm_out = int(trial.suggest_discrete_uniform("lstm_out", 64, 512, 64))
c:\Users\clayt\anaconda3\envs\gpu-ienv\lib\site-packages\torch\nn\modules\rnn.py:71: UserWarning: dropout option adds dropout after all but last recurrent layer, so non-zero dropout expects num_layers greater than 1, but got dropout=0.1 and num_layers=1
  warnings.warn("dropout option adds dropout after all but last "
[I 2023-04-16 01:08:07,160] Trial 32 finished with value: 0.804356683905344 and parameters: {'num_filters': 224.0, 'filter_size': 3.0, 'pool_size': 2.0, 'lstm_out': 384.0, 'dropout_rate': 0.1}. Best is trial 18 with value: 0.804851904090268.
Validation accuracy: 0.8044 with hyperparameters: {'num_filters': 224.0, 'filter_size': 3.0, 'pool_size': 2.0, 'lstm_out': 384.0, 'dropout_rate': 0.1}
C:\Users\clayt\AppData\Local\Temp\ipykernel_4724\3957003435.py:80: FutureWarning: suggest_discrete_uniform has been deprecated in v3.0.0. This feature will be removed in v6.0.0. See https://github.com/optuna/optuna/releases/tag/v3.0.0. Use :func:`~optuna.trial.Trial.suggest_float` instead.
  num_filters = int(trial.suggest_discrete_uniform("num_filters", 32, 256, 32))
C:\Users\clayt\AppData\Local\Temp\ipykernel_4724\3957003435.py:81: FutureWarning: suggest_discrete_uniform has been deprecated in v3.0.0. This feature will be removed in v6.0.0. See https://github.com/optuna/optuna/releases/tag/v3.0.0. Use :func:`~optuna.trial.Trial.suggest_float` instead.
  filter_size = int(trial.suggest_discrete_uniform("filter_size", 3, 7, 2))
C:\Users\clayt\AppData\Local\Temp\ipykernel_4724\3957003435.py:82: FutureWarning: suggest_discrete_uniform has been deprecated in v3.0.0. This feature will be removed in v6.0.0. See https://github.com/optuna/optuna/releases/tag/v3.0.0. Use :func:`~optuna.trial.Trial.suggest_float` instead.
  pool_size = int(trial.suggest_discrete_uniform("pool_size", 2, 4, 2))
C:\Users\clayt\AppData\Local\Temp\ipykernel_4724\3957003435.py:83: FutureWarning: suggest_discrete_uniform has been deprecated in v3.0.0. This feature will be removed in v6.0.0. See https://github.com/optuna/optuna/releases/tag/v3.0.0. Use :func:`~optuna.trial.Trial.suggest_float` instead.
  lstm_out = int(trial.suggest_discrete_uniform("lstm_out", 64, 512, 64))
c:\Users\clayt\anaconda3\envs\gpu-ienv\lib\site-packages\torch\nn\modules\rnn.py:71: UserWarning: dropout option adds dropout after all but last recurrent layer, so non-zero dropout expects num_layers greater than 1, but got dropout=0.1 and num_layers=1
  warnings.warn("dropout option adds dropout after all but last "
[I 2023-04-16 01:21:10,423] Trial 33 finished with value: 0.8047829493809747 and parameters: {'num_filters': 256.0, 'filter_size': 3.0, 'pool_size': 2.0, 'lstm_out': 320.0, 'dropout_rate': 0.1}. Best is trial 18 with value: 0.804851904090268.
Validation accuracy: 0.8048 with hyperparameters: {'num_filters': 256.0, 'filter_size': 3.0, 'pool_size': 2.0, 'lstm_out': 320.0, 'dropout_rate': 0.1}
C:\Users\clayt\AppData\Local\Temp\ipykernel_4724\3957003435.py:80: FutureWarning: suggest_discrete_uniform has been deprecated in v3.0.0. This feature will be removed in v6.0.0. See https://github.com/optuna/optuna/releases/tag/v3.0.0. Use :func:`~optuna.trial.Trial.suggest_float` instead.
  num_filters = int(trial.suggest_discrete_uniform("num_filters", 32, 256, 32))
C:\Users\clayt\AppData\Local\Temp\ipykernel_4724\3957003435.py:81: FutureWarning: suggest_discrete_uniform has been deprecated in v3.0.0. This feature will be removed in v6.0.0. See https://github.com/optuna/optuna/releases/tag/v3.0.0. Use :func:`~optuna.trial.Trial.suggest_float` instead.
  filter_size = int(trial.suggest_discrete_uniform("filter_size", 3, 7, 2))
C:\Users\clayt\AppData\Local\Temp\ipykernel_4724\3957003435.py:82: FutureWarning: suggest_discrete_uniform has been deprecated in v3.0.0. This feature will be removed in v6.0.0. See https://github.com/optuna/optuna/releases/tag/v3.0.0. Use :func:`~optuna.trial.Trial.suggest_float` instead.
  pool_size = int(trial.suggest_discrete_uniform("pool_size", 2, 4, 2))
C:\Users\clayt\AppData\Local\Temp\ipykernel_4724\3957003435.py:83: FutureWarning: suggest_discrete_uniform has been deprecated in v3.0.0. This feature will be removed in v6.0.0. See https://github.com/optuna/optuna/releases/tag/v3.0.0. Use :func:`~optuna.trial.Trial.suggest_float` instead.
  lstm_out = int(trial.suggest_discrete_uniform("lstm_out", 64, 512, 64))
c:\Users\clayt\anaconda3\envs\gpu-ienv\lib\site-packages\torch\nn\modules\rnn.py:71: UserWarning: dropout option adds dropout after all but last recurrent layer, so non-zero dropout expects num_layers greater than 1, but got dropout=0.1 and num_layers=1
  warnings.warn("dropout option adds dropout after all but last "
[I 2023-04-16 01:26:14,245] Trial 34 finished with value: 0.8047829493809747 and parameters: {'num_filters': 256.0, 'filter_size': 3.0, 'pool_size': 2.0, 'lstm_out': 448.0, 'dropout_rate': 0.1}. Best is trial 18 with value: 0.804851904090268.
Validation accuracy: 0.8048 with hyperparameters: {'num_filters': 256.0, 'filter_size': 3.0, 'pool_size': 2.0, 'lstm_out': 448.0, 'dropout_rate': 0.1}
C:\Users\clayt\AppData\Local\Temp\ipykernel_4724\3957003435.py:80: FutureWarning: suggest_discrete_uniform has been deprecated in v3.0.0. This feature will be removed in v6.0.0. See https://github.com/optuna/optuna/releases/tag/v3.0.0. Use :func:`~optuna.trial.Trial.suggest_float` instead.
  num_filters = int(trial.suggest_discrete_uniform("num_filters", 32, 256, 32))
C:\Users\clayt\AppData\Local\Temp\ipykernel_4724\3957003435.py:81: FutureWarning: suggest_discrete_uniform has been deprecated in v3.0.0. This feature will be removed in v6.0.0. See https://github.com/optuna/optuna/releases/tag/v3.0.0. Use :func:`~optuna.trial.Trial.suggest_float` instead.
  filter_size = int(trial.suggest_discrete_uniform("filter_size", 3, 7, 2))
C:\Users\clayt\AppData\Local\Temp\ipykernel_4724\3957003435.py:82: FutureWarning: suggest_discrete_uniform has been deprecated in v3.0.0. This feature will be removed in v6.0.0. See https://github.com/optuna/optuna/releases/tag/v3.0.0. Use :func:`~optuna.trial.Trial.suggest_float` instead.
  pool_size = int(trial.suggest_discrete_uniform("pool_size", 2, 4, 2))
C:\Users\clayt\AppData\Local\Temp\ipykernel_4724\3957003435.py:83: FutureWarning: suggest_discrete_uniform has been deprecated in v3.0.0. This feature will be removed in v6.0.0. See https://github.com/optuna/optuna/releases/tag/v3.0.0. Use :func:`~optuna.trial.Trial.suggest_float` instead.
  lstm_out = int(trial.suggest_discrete_uniform("lstm_out", 64, 512, 64))
c:\Users\clayt\anaconda3\envs\gpu-ienv\lib\site-packages\torch\nn\modules\rnn.py:71: UserWarning: dropout option adds dropout after all but last recurrent layer, so non-zero dropout expects num_layers greater than 1, but got dropout=0.1 and num_layers=1
  warnings.warn("dropout option adds dropout after all but last "
[I 2023-04-16 01:31:09,212] Trial 35 finished with value: 0.800890142610876 and parameters: {'num_filters': 224.0, 'filter_size': 3.0, 'pool_size': 2.0, 'lstm_out': 448.0, 'dropout_rate': 0.1}. Best is trial 18 with value: 0.804851904090268.
Validation accuracy: 0.8009 with hyperparameters: {'num_filters': 224.0, 'filter_size': 3.0, 'pool_size': 2.0, 'lstm_out': 448.0, 'dropout_rate': 0.1}
C:\Users\clayt\AppData\Local\Temp\ipykernel_4724\3957003435.py:80: FutureWarning: suggest_discrete_uniform has been deprecated in v3.0.0. This feature will be removed in v6.0.0. See https://github.com/optuna/optuna/releases/tag/v3.0.0. Use :func:`~optuna.trial.Trial.suggest_float` instead.
  num_filters = int(trial.suggest_discrete_uniform("num_filters", 32, 256, 32))
C:\Users\clayt\AppData\Local\Temp\ipykernel_4724\3957003435.py:81: FutureWarning: suggest_discrete_uniform has been deprecated in v3.0.0. This feature will be removed in v6.0.0. See https://github.com/optuna/optuna/releases/tag/v3.0.0. Use :func:`~optuna.trial.Trial.suggest_float` instead.
  filter_size = int(trial.suggest_discrete_uniform("filter_size", 3, 7, 2))
C:\Users\clayt\AppData\Local\Temp\ipykernel_4724\3957003435.py:82: FutureWarning: suggest_discrete_uniform has been deprecated in v3.0.0. This feature will be removed in v6.0.0. See https://github.com/optuna/optuna/releases/tag/v3.0.0. Use :func:`~optuna.trial.Trial.suggest_float` instead.
  pool_size = int(trial.suggest_discrete_uniform("pool_size", 2, 4, 2))
C:\Users\clayt\AppData\Local\Temp\ipykernel_4724\3957003435.py:83: FutureWarning: suggest_discrete_uniform has been deprecated in v3.0.0. This feature will be removed in v6.0.0. See https://github.com/optuna/optuna/releases/tag/v3.0.0. Use :func:`~optuna.trial.Trial.suggest_float` instead.
  lstm_out = int(trial.suggest_discrete_uniform("lstm_out", 64, 512, 64))
c:\Users\clayt\anaconda3\envs\gpu-ienv\lib\site-packages\torch\nn\modules\rnn.py:71: UserWarning: dropout option adds dropout after all but last recurrent layer, so non-zero dropout expects num_layers greater than 1, but got dropout=0.1 and num_layers=1
  warnings.warn("dropout option adds dropout after all but last "
[I 2023-04-16 01:35:37,974] Trial 36 finished with value: 0.7972794232878859 and parameters: {'num_filters': 128.0, 'filter_size': 3.0, 'pool_size': 2.0, 'lstm_out': 512.0, 'dropout_rate': 0.1}. Best is trial 18 with value: 0.804851904090268.
Validation accuracy: 0.7973 with hyperparameters: {'num_filters': 128.0, 'filter_size': 3.0, 'pool_size': 2.0, 'lstm_out': 512.0, 'dropout_rate': 0.1}
C:\Users\clayt\AppData\Local\Temp\ipykernel_4724\3957003435.py:80: FutureWarning: suggest_discrete_uniform has been deprecated in v3.0.0. This feature will be removed in v6.0.0. See https://github.com/optuna/optuna/releases/tag/v3.0.0. Use :func:`~optuna.trial.Trial.suggest_float` instead.
  num_filters = int(trial.suggest_discrete_uniform("num_filters", 32, 256, 32))
C:\Users\clayt\AppData\Local\Temp\ipykernel_4724\3957003435.py:81: FutureWarning: suggest_discrete_uniform has been deprecated in v3.0.0. This feature will be removed in v6.0.0. See https://github.com/optuna/optuna/releases/tag/v3.0.0. Use :func:`~optuna.trial.Trial.suggest_float` instead.
  filter_size = int(trial.suggest_discrete_uniform("filter_size", 3, 7, 2))
C:\Users\clayt\AppData\Local\Temp\ipykernel_4724\3957003435.py:82: FutureWarning: suggest_discrete_uniform has been deprecated in v3.0.0. This feature will be removed in v6.0.0. See https://github.com/optuna/optuna/releases/tag/v3.0.0. Use :func:`~optuna.trial.Trial.suggest_float` instead.
  pool_size = int(trial.suggest_discrete_uniform("pool_size", 2, 4, 2))
C:\Users\clayt\AppData\Local\Temp\ipykernel_4724\3957003435.py:83: FutureWarning: suggest_discrete_uniform has been deprecated in v3.0.0. This feature will be removed in v6.0.0. See https://github.com/optuna/optuna/releases/tag/v3.0.0. Use :func:`~optuna.trial.Trial.suggest_float` instead.
  lstm_out = int(trial.suggest_discrete_uniform("lstm_out", 64, 512, 64))
c:\Users\clayt\anaconda3\envs\gpu-ienv\lib\site-packages\torch\nn\modules\rnn.py:71: UserWarning: dropout option adds dropout after all but last recurrent layer, so non-zero dropout expects num_layers greater than 1, but got dropout=0.1 and num_layers=1
  warnings.warn("dropout option adds dropout after all but last "
[I 2023-04-16 01:38:58,428] Trial 37 finished with value: 0.7984516533458705 and parameters: {'num_filters': 256.0, 'filter_size': 5.0, 'pool_size': 4.0, 'lstm_out': 448.0, 'dropout_rate': 0.1}. Best is trial 18 with value: 0.804851904090268.
Validation accuracy: 0.7985 with hyperparameters: {'num_filters': 256.0, 'filter_size': 5.0, 'pool_size': 4.0, 'lstm_out': 448.0, 'dropout_rate': 0.1}
C:\Users\clayt\AppData\Local\Temp\ipykernel_4724\3957003435.py:80: FutureWarning: suggest_discrete_uniform has been deprecated in v3.0.0. This feature will be removed in v6.0.0. See https://github.com/optuna/optuna/releases/tag/v3.0.0. Use :func:`~optuna.trial.Trial.suggest_float` instead.
  num_filters = int(trial.suggest_discrete_uniform("num_filters", 32, 256, 32))
C:\Users\clayt\AppData\Local\Temp\ipykernel_4724\3957003435.py:81: FutureWarning: suggest_discrete_uniform has been deprecated in v3.0.0. This feature will be removed in v6.0.0. See https://github.com/optuna/optuna/releases/tag/v3.0.0. Use :func:`~optuna.trial.Trial.suggest_float` instead.
  filter_size = int(trial.suggest_discrete_uniform("filter_size", 3, 7, 2))
C:\Users\clayt\AppData\Local\Temp\ipykernel_4724\3957003435.py:82: FutureWarning: suggest_discrete_uniform has been deprecated in v3.0.0. This feature will be removed in v6.0.0. See https://github.com/optuna/optuna/releases/tag/v3.0.0. Use :func:`~optuna.trial.Trial.suggest_float` instead.
  pool_size = int(trial.suggest_discrete_uniform("pool_size", 2, 4, 2))
C:\Users\clayt\AppData\Local\Temp\ipykernel_4724\3957003435.py:83: FutureWarning: suggest_discrete_uniform has been deprecated in v3.0.0. This feature will be removed in v6.0.0. See https://github.com/optuna/optuna/releases/tag/v3.0.0. Use :func:`~optuna.trial.Trial.suggest_float` instead.
  lstm_out = int(trial.suggest_discrete_uniform("lstm_out", 64, 512, 64))
c:\Users\clayt\anaconda3\envs\gpu-ienv\lib\site-packages\torch\nn\modules\rnn.py:71: UserWarning: dropout option adds dropout after all but last recurrent layer, so non-zero dropout expects num_layers greater than 1, but got dropout=0.1 and num_layers=1
  warnings.warn("dropout option adds dropout after all but last "
[I 2023-04-16 01:42:18,266] Trial 38 finished with value: 0.7984704591756778 and parameters: {'num_filters': 160.0, 'filter_size': 3.0, 'pool_size': 2.0, 'lstm_out': 256.0, 'dropout_rate': 0.1}. Best is trial 18 with value: 0.804851904090268.
Validation accuracy: 0.7985 with hyperparameters: {'num_filters': 160.0, 'filter_size': 3.0, 'pool_size': 2.0, 'lstm_out': 256.0, 'dropout_rate': 0.1}
C:\Users\clayt\AppData\Local\Temp\ipykernel_4724\3957003435.py:80: FutureWarning: suggest_discrete_uniform has been deprecated in v3.0.0. This feature will be removed in v6.0.0. See https://github.com/optuna/optuna/releases/tag/v3.0.0. Use :func:`~optuna.trial.Trial.suggest_float` instead.
  num_filters = int(trial.suggest_discrete_uniform("num_filters", 32, 256, 32))
C:\Users\clayt\AppData\Local\Temp\ipykernel_4724\3957003435.py:81: FutureWarning: suggest_discrete_uniform has been deprecated in v3.0.0. This feature will be removed in v6.0.0. See https://github.com/optuna/optuna/releases/tag/v3.0.0. Use :func:`~optuna.trial.Trial.suggest_float` instead.
  filter_size = int(trial.suggest_discrete_uniform("filter_size", 3, 7, 2))
C:\Users\clayt\AppData\Local\Temp\ipykernel_4724\3957003435.py:82: FutureWarning: suggest_discrete_uniform has been deprecated in v3.0.0. This feature will be removed in v6.0.0. See https://github.com/optuna/optuna/releases/tag/v3.0.0. Use :func:`~optuna.trial.Trial.suggest_float` instead.
  pool_size = int(trial.suggest_discrete_uniform("pool_size", 2, 4, 2))
C:\Users\clayt\AppData\Local\Temp\ipykernel_4724\3957003435.py:83: FutureWarning: suggest_discrete_uniform has been deprecated in v3.0.0. This feature will be removed in v6.0.0. See https://github.com/optuna/optuna/releases/tag/v3.0.0. Use :func:`~optuna.trial.Trial.suggest_float` instead.
  lstm_out = int(trial.suggest_discrete_uniform("lstm_out", 64, 512, 64))
c:\Users\clayt\anaconda3\envs\gpu-ienv\lib\site-packages\torch\nn\modules\rnn.py:71: UserWarning: dropout option adds dropout after all but last recurrent layer, so non-zero dropout expects num_layers greater than 1, but got dropout=0.2 and num_layers=1
  warnings.warn("dropout option adds dropout after all but last "
